#
# There is insufficient memory for the Java Runtime Environment to continue.
# Native memory allocation (malloc) failed to allocate 32756 bytes for ChunkPool::allocate
# Possible reasons:
#   The system is out of physical RAM or swap space
#   In 32 bit mode, the process size limit was hit
# Possible solutions:
#   Reduce memory load on the system
#   Increase physical memory or swap space
#   Check if swap backing store is full
#   Use 64 bit Java on a 64 bit OS
#   Decrease Java heap size (-Xmx/-Xms)
#   Decrease number of Java threads
#   Decrease Java thread stack sizes (-Xss)
#   Set larger code cache with -XX:ReservedCodeCacheSize=
# This output file may be truncated or incomplete.
#
#  Out of Memory Error (allocation.cpp:273), pid=302572, tid=0x0004a054
#
# JRE version: Java(TM) SE Runtime Environment (8.0_121-b13) (build 1.8.0_121-b13)
# Java VM: Java HotSpot(TM) Client VM (25.121-b13 mixed mode windows-x86 )
# Failed to write core dump. 
#

---------------  T H R E A D  ---------------

Current thread (0x250a0c00):  JavaThread "C1 CompilerThread0" daemon [_thread_in_native, id=303188, stack(0x25bd0000,0x25dd0000)]

Stack: [0x25bd0000,0x25dd0000],  sp=0x25dceb3c,  free space=2042k
Native frames: (J=compiled Java code, j=interpreted, Vv=VM code, C=native code)
V  [jvm.dll+0x1aa3bb]
V  [jvm.dll+0x1be4e1]
V  [jvm.dll+0x1c12ad]
V  [jvm.dll+0x1c2af8]
C  [MSVCR100.dll+0x5c556]
C  [MSVCR100.dll+0x5c600]
C  [kernel32.dll+0x1336a]
C  [ntdll.dll+0x39902]
C  [ntdll.dll+0x398d5]
C  0x00000000


Current CompileTask:
C1: 106154  990   !        
[error occurred during error reporting (printing current compile task), id 0xe0000001]


---------------  P R O C E S S  ---------------

Java Threads: ( => current thread )
  0x270f4400 JavaThread "TimerQueue" daemon [_thread_blocked, id=304052, stack(0x28cb0000,0x28eb0000)]
  0x270ed400 JavaThread "AWT-EventQueue-0" [_thread_blocked, id=303864, stack(0x28210000,0x28410000)]
  0x270b8400 JavaThread "AWT-Windows" daemon [_thread_in_native, id=303832, stack(0x27fd0000,0x281d0000)]
  0x270b7c00 JavaThread "AWT-Shutdown" [_thread_blocked, id=303828, stack(0x27d90000,0x27f90000)]
  0x270b0000 JavaThread "Java2D Disposer" daemon [_thread_blocked, id=303824, stack(0x27b50000,0x27d50000)]
  0x270a6c00 JavaThread "Thread-4" [_thread_blocked, id=303760, stack(0x27710000,0x27910000)]
  0x27093800 JavaThread "Thread-3" daemon [_thread_in_native, id=303692, stack(0x274d0000,0x276d0000)]
  0x25252800 JavaThread "JavaFX Application Thread" [_thread_in_native, id=303632, stack(0x26e90000,0x27090000)]
  0x2525f000 JavaThread "Thread-2" daemon [_thread_blocked, id=303628, stack(0x26c50000,0x26e50000)]
  0x25217800 JavaThread "QuantumRenderer-0" daemon [_thread_blocked, id=303484, stack(0x265c0000,0x267c0000)]
  0x251dd400 JavaThread "JavaFX-Launcher" [_thread_blocked, id=303392, stack(0x26380000,0x26580000)]
  0x250b9400 JavaThread "Service Thread" daemon [_thread_blocked, id=303204, stack(0x25e10000,0x26010000)]
=>0x250a0c00 JavaThread "C1 CompilerThread0" daemon [_thread_in_native, id=303188, stack(0x25bd0000,0x25dd0000)]
  0x2509f800 JavaThread "Attach Listener" daemon [_thread_blocked, id=303184, stack(0x25990000,0x25b90000)]
  0x2509c800 JavaThread "Signal Dispatcher" daemon [_thread_blocked, id=303180, stack(0x25750000,0x25950000)]
  0x25087800 JavaThread "Finalizer" daemon [_thread_blocked, id=302856, stack(0x25460000,0x25660000)]
  0x0288f800 JavaThread "Reference Handler" daemon [_thread_blocked, id=302732, stack(0x25260000,0x25460000)]
  0x0239d400 JavaThread "main" [_thread_blocked, id=302544, stack(0x00090000,0x00290000)]

Other Threads:
  0x0288b400 VMThread [stack: 0x24e60000,0x25060000] [id=302512]
  0x250cb400 WatcherThread [stack: 0x26140000,0x26340000] [id=303224]

VM state:not at safepoint (normal execution)

VM Mutex/Monitor currently owned by a thread: None

Heap:
 def new generation   total 4992K, used 2008K [0x04a00000, 0x04f60000, 0x0f4a0000)
  eden space 4480K,  41% used [0x04a00000, 0x04bd0050, 0x04e60000)
  from space 512K,  29% used [0x04e60000, 0x04e862d0, 0x04ee0000)
  to   space 512K,   0% used [0x04ee0000, 0x04ee0000, 0x04f60000)
 tenured generation   total 10944K, used 8452K [0x0f4a0000, 0x0ff50000, 0x24a00000)
   the space 10944K,  77% used [0x0f4a0000, 0x0fce1178, 0x0fce1200, 0x0ff50000)
 Metaspace       used 17626K, capacity 18326K, committed 18432K, reserved 24960K

Card table byte_map: [0x04890000,0x049a0000] byte_map_base: 0x0486b000

Polling page: 0x003e0000

CodeCache: size=32768Kb used=1961Kb max_used=1961Kb free=30806Kb
 bounds [0x02890000, 0x02a80000, 0x04890000]
 total_blobs=1357 nmethods=980 adapters=306
 compilation: enabled

Compilation events (10 events):
Event: 104.545 Thread 0x250a0c00 nmethod 985 0x02a78708 code [0x02a78930, 0x02a79314]
Event: 104.545 Thread 0x250a0c00  986             sun.awt.AWTAccessor::getSequencedEventAccessor (4 bytes)
Event: 104.545 Thread 0x250a0c00 nmethod 986 0x02a79cc8 code [0x02a79dc0, 0x02a79e40]
Event: 104.545 Thread 0x250a0c00  987   !         sun.awt.PostEventQueue::postEvent (81 bytes)
Event: 104.546 Thread 0x250a0c00 nmethod 987 0x02a79e88 code [0x02a79fb0, 0x02a7a2f8]
Event: 104.546 Thread 0x250a0c00  988             sun.awt.SunToolkit::wakeupEventQueue (11 bytes)
Event: 104.547 Thread 0x250a0c00 nmethod 988 0x02a7a548 code [0x02a7a660, 0x02a7a758]
Event: 105.692 Thread 0x250a0c00  989             java.awt.event.ComponentEvent::<init> (7 bytes)
Event: 105.693 Thread 0x250a0c00 nmethod 989 0x02a7a888 code [0x02a7a980, 0x02a7aa1c]
Event: 106.095 Thread 0x250a0c00  990   !         java.awt.DefaultKeyboardFocusManager::dispatchEvent (1589 bytes)

GC Heap History (10 events):
Event: 3.580 GC heap before
{Heap before GC invocations=21 (full 12):
 def new generation   total 4992K, used 92K [0x04a00000, 0x04f60000, 0x0f4a0000)
  eden space 4480K,   2% used [0x04a00000, 0x04a172b0, 0x04e60000)
  from space 512K,   0% used [0x04ee0000, 0x04ee0000, 0x04f60000)
  to   space 512K,   0% used [0x04e60000, 0x04e60000, 0x04ee0000)
 tenured generation   total 10944K, used 7469K [0x0f4a0000, 0x0ff50000, 0x24a00000)
   the space 10944K,  68% used [0x0f4a0000, 0x0fbeb670, 0x0fbeb800, 0x0ff50000)
 Metaspace       used 17015K, capacity 17613K, committed 17664K, reserved 23936K
Event: 3.613 GC heap after
Heap after GC invocations=22 (full 13):
 def new generation   total 4992K, used 0K [0x04a00000, 0x04f60000, 0x0f4a0000)
  eden space 4480K,   0% used [0x04a00000, 0x04a00000, 0x04e60000)
  from space 512K,   0% used [0x04ee0000, 0x04ee0000, 0x04f60000)
  to   space 512K,   0% used [0x04e60000, 0x04e60000, 0x04ee0000)
 tenured generation   total 10944K, used 7471K [0x0f4a0000, 0x0ff50000, 0x24a00000)
   the space 10944K,  68% used [0x0f4a0000, 0x0fbebf08, 0x0fbec000, 0x0ff50000)
 Metaspace       used 17015K, capacity 17613K, committed 17664K, reserved 20864K
}
Event: 3.613 GC heap before
{Heap before GC invocations=22 (full 13):
 def new generation   total 4992K, used 0K [0x04a00000, 0x04f60000, 0x0f4a0000)
  eden space 4480K,   0% used [0x04a00000, 0x04a00000, 0x04e60000)
  from space 512K,   0% used [0x04ee0000, 0x04ee0000, 0x04f60000)
  to   space 512K,   0% used [0x04e60000, 0x04e60000, 0x04ee0000)
 tenured generation   total 10944K, used 7471K [0x0f4a0000, 0x0ff50000, 0x24a00000)
   the space 10944K,  68% used [0x0f4a0000, 0x0fbebf08, 0x0fbec000, 0x0ff50000)
 Metaspace       used 17015K, capacity 17613K, committed 17664K, reserved 22912K
Event: 3.644 GC heap after
Heap after GC invocations=23 (full 14):
 def new generation   total 4992K, used 0K [0x04a00000, 0x04f60000, 0x0f4a0000)
  eden space 4480K,   0% used [0x04a00000, 0x04a00000, 0x04e60000)
  from space 512K,   0% used [0x04ee0000, 0x04ee0000, 0x04f60000)
  to   space 512K,   0% used [0x04e60000, 0x04e60000, 0x04ee0000)
 tenured generation   total 10944K, used 7471K [0x0f4a0000, 0x0ff50000, 0x24a00000)
   the space 10944K,  68% used [0x0f4a0000, 0x0fbebf08, 0x0fbec000, 0x0ff50000)
 Metaspace       used 17015K, capacity 17613K, committed 17664K, reserved 20864K
}
Event: 3.760 GC heap before
{Heap before GC invocations=23 (full 14):
 def new generation   total 4992K, used 1704K [0x04a00000, 0x04f60000, 0x0f4a0000)
  eden space 4480K,  38% used [0x04a00000, 0x04baa148, 0x04e60000)
  from space 512K,   0% used [0x04ee0000, 0x04ee0000, 0x04f60000)
  to   space 512K,   0% used [0x04e60000, 0x04e60000, 0x04ee0000)
 tenured generation   total 10944K, used 7471K [0x0f4a0000, 0x0ff50000, 0x24a00000)
   the space 10944K,  68% used [0x0f4a0000, 0x0fbebf08, 0x0fbec000, 0x0ff50000)
 Metaspace       used 17353K, capacity 18003K, committed 18048K, reserved 25984K
Event: 3.799 GC heap after
Heap after GC invocations=24 (full 15):
 def new generation   total 4992K, used 0K [0x04a00000, 0x04f60000, 0x0f4a0000)
  eden space 4480K,   0% used [0x04a00000, 0x04a00000, 0x04e60000)
  from space 512K,   0% used [0x04ee0000, 0x04ee0000, 0x04f60000)
  to   space 512K,   0% used [0x04e60000, 0x04e60000, 0x04ee0000)
 tenured generation   total 10944K, used 7721K [0x0f4a0000, 0x0ff50000, 0x24a00000)
   the space 10944K,  70% used [0x0f4a0000, 0x0fc2a758, 0x0fc2a800, 0x0ff50000)
 Metaspace       used 17353K, capacity 18003K, committed 18048K, reserved 22912K
}
Event: 3.799 GC heap before
{Heap before GC invocations=24 (full 15):
 def new generation   total 4992K, used 0K [0x04a00000, 0x04f60000, 0x0f4a0000)
  eden space 4480K,   0% used [0x04a00000, 0x04a00000, 0x04e60000)
  from space 512K,   0% used [0x04ee0000, 0x04ee0000, 0x04f60000)
  to   space 512K,   0% used [0x04e60000, 0x04e60000, 0x04ee0000)
 tenured generation   total 10944K, used 7721K [0x0f4a0000, 0x0ff50000, 0x24a00000)
   the space 10944K,  70% used [0x0f4a0000, 0x0fc2a758, 0x0fc2a800, 0x0ff50000)
 Metaspace       used 17353K, capacity 18003K, committed 18048K, reserved 24960K
Event: 3.841 GC heap after
Heap after GC invocations=25 (full 16):
 def new generation   total 4992K, used 0K [0x04a00000, 0x04f60000, 0x0f4a0000)
  eden space 4480K,   0% used [0x04a00000, 0x04a00000, 0x04e60000)
  from space 512K,   0% used [0x04ee0000, 0x04ee0000, 0x04f60000)
  to   space 512K,   0% used [0x04e60000, 0x04e60000, 0x04ee0000)
 tenured generation   total 10944K, used 7648K [0x0f4a0000, 0x0ff50000, 0x24a00000)
   the space 10944K,  69% used [0x0f4a0000, 0x0fc181c8, 0x0fc18200, 0x0ff50000)
 Metaspace       used 17353K, capacity 18003K, committed 18048K, reserved 22912K
}
Event: 68.395 GC heap before
{Heap before GC invocations=25 (full 16):
 def new generation   total 4992K, used 4480K [0x04a00000, 0x04f60000, 0x0f4a0000)
  eden space 4480K, 100% used [0x04a00000, 0x04e60000, 0x04e60000)
  from space 512K,   0% used [0x04ee0000, 0x04ee0000, 0x04f60000)
  to   space 512K,   0% used [0x04e60000, 0x04e60000, 0x04ee0000)
 tenured generation   total 10944K, used 7648K [0x0f4a0000, 0x0ff50000, 0x24a00000)
   the space 10944K,  69% used [0x0f4a0000, 0x0fc181c8, 0x0fc18200, 0x0ff50000)
 Metaspace       used 17624K, capacity 18326K, committed 18432K, reserved 24960K
Event: 68.399 GC heap after
Heap after GC invocations=26 (full 16):
 def new generation   total 4992K, used 152K [0x04a00000, 0x04f60000, 0x0f4a0000)
  eden space 4480K,   0% used [0x04a00000, 0x04a00000, 0x04e60000)
  from space 512K,  29% used [0x04e60000, 0x04e862d0, 0x04ee0000)
  to   space 512K,   0% used [0x04ee0000, 0x04ee0000, 0x04f60000)
 tenured generation   total 10944K, used 8452K [0x0f4a0000, 0x0ff50000, 0x24a00000)
   the space 10944K,  77% used [0x0f4a0000, 0x0fce1178, 0x0fce1200, 0x0ff50000)
 Metaspace       used 17624K, capacity 18326K, committed 18432K, reserved 24960K
}

Deoptimization events (0 events):
No events

Internal exceptions (10 events):
Event: 3.841 Thread 0x25252800 Exception <a 'java/lang/OutOfMemoryError'> (0x0f4dc468) thrown at [C:\workspace\8-2-build-windows-i586-cygwin\jdk8u121\8372\hotspot\src\share\vm\prims\jvm.cpp, line 1394]
Event: 3.888 Thread 0x25217800 Exception <a 'java/lang/VirtualMachineError': out of space in CodeCache for adapters> (0x04aab3f8) thrown at [C:\workspace\8-2-build-windows-i586-cygwin\jdk8u121\8372\hotspot\src\share\vm\oops\method.cpp, line 930]
Event: 3.890 Thread 0x25252800 Exception <a 'java/lang/IllegalArgumentException'> (0x04a4a228) thrown at [C:\workspace\8-2-build-windows-i586-cygwin\jdk8u121\8372\hotspot\src\share\vm\prims\jvm.cpp, line 1394]
Event: 3.892 Thread 0x25252800 Exception <a 'java/lang/VirtualMachineError': out of space in CodeCache for adapters> (0x04ab9900) thrown at [C:\workspace\8-2-build-windows-i586-cygwin\jdk8u121\8372\hotspot\src\share\vm\oops\method.cpp, line 930]
Event: 3.892 Thread 0x25252800 Exception <a 'java/lang/VirtualMachineError'> (0x04ab9900) thrown at [C:\workspace\8-2-build-windows-i586-cygwin\jdk8u121\8372\hotspot\src\share\vm\prims\jvm.cpp, line 1394]
Event: 3.894 Thread 0x25252800 Exception <a 'java/lang/OutOfMemoryError'> (0x04ac3930) thrown at [C:\workspace\8-2-build-windows-i586-cygwin\jdk8u121\8372\hotspot\src\share\vm\prims\jni.cpp, line 735]
Event: 3.895 Thread 0x25252800 Exception <a 'java/lang/OutOfMemoryError'> (0x04ac3930) thrown at [C:\workspace\8-2-build-windows-i586-cygwin\jdk8u121\8372\hotspot\src\share\vm\prims\jvm.cpp, line 1394]
Event: 3.902 Thread 0x25252800 Exception <a 'java/lang/ClassNotFoundException': error in opening JAR file C:\Program Files (x86)\BlueJ\jdk\jre\lib\jfr.jar> (0x04b20f08) thrown at [C:\workspace\8-2-build-windows-i586-cygwin\jdk8u121\8372\hotspot\src\share\vm\classfile\classLoader.cpp, l
Event: 3.902 Thread 0x25252800 Exception <a 'java/lang/NoClassDefFoundError': com/oracle/jrockit/jfr/EventToken> (0x04b21448) thrown at [C:\workspace\8-2-build-windows-i586-cygwin\jdk8u121\8372\hotspot\src\share\vm\classfile\systemDictionary.cpp, line 199]
Event: 13.645 Thread 0x270f4c00 Exception <a 'java/net/SocketTimeoutException': Accept timed out> (0x04c59998) thrown at [C:\workspace\8-2-build-windows-i586-cygwin\jdk8u121\8372\hotspot\src\share\vm\prims\jni.cpp, line 735]

Events (10 events):
Event: 68.401 Executing VM operation: RevokeBias
Event: 68.401 Executing VM operation: RevokeBias done
Event: 68.401 Executing VM operation: RevokeBias
Event: 68.402 Executing VM operation: RevokeBias done
Event: 68.402 Executing VM operation: RevokeBias
Event: 68.402 Executing VM operation: RevokeBias done
Event: 68.403 Executing VM operation: RevokeBias
Event: 68.403 Executing VM operation: RevokeBias done
Event: 68.403 Executing VM operation: RevokeBias
Event: 68.403 Executing VM operation: RevokeBias done


Dynamic libraries:
0x00400000 - 0x004eb000 	C:\Program Files (x86)\BlueJ\BlueJ.exe
0x77880000 - 0x77a00000 	C:\Windows\SysWOW64\ntdll.dll
0x752f0000 - 0x75400000 	C:\Windows\syswow64\kernel32.dll
0x765c0000 - 0x76607000 	C:\Windows\syswow64\KERNELBASE.dll
0x70300000 - 0x70318000 	C:\Windows\system32\tsappcmp.dll
0x75230000 - 0x752dc000 	C:\Windows\syswow64\msvcrt.dll
0x76df0000 - 0x76ef0000 	C:\Windows\syswow64\USER32.dll
0x75430000 - 0x754c0000 	C:\Windows\syswow64\GDI32.dll
0x76f60000 - 0x76f6a000 	C:\Windows\syswow64\LPK.dll
0x76920000 - 0x769bd000 	C:\Windows\syswow64\USP10.dll
0x77310000 - 0x773b1000 	C:\Windows\syswow64\ADVAPI32.dll
0x751e0000 - 0x751f9000 	C:\Windows\SysWOW64\sechost.dll
0x75550000 - 0x75640000 	C:\Windows\syswow64\RPCRT4.dll
0x75120000 - 0x75180000 	C:\Windows\syswow64\SspiCli.dll
0x75110000 - 0x7511c000 	C:\Windows\syswow64\CRYPTBASE.dll
0x76aa0000 - 0x76bfd000 	C:\Windows\syswow64\ole32.dll
0x76ef0000 - 0x76f50000 	C:\Windows\system32\IMM32.DLL
0x769d0000 - 0x76a9d000 	C:\Windows\syswow64\MSCTF.dll
0x773e0000 - 0x7745b000 	C:\Windows\syswow64\COMDLG32.DLL
0x76d50000 - 0x76da7000 	C:\Windows\syswow64\SHLWAPI.dll
0x74fc0000 - 0x75044000 	C:\Windows\WinSxS\x86_microsoft.windows.common-controls_6595b64144ccf1df_5.82.7601.18837_none_ec86b8d6858ec0bc\COMCTL32.dll
0x756a0000 - 0x762eb000 	C:\Windows\syswow64\SHELL32.dll
0x74fb0000 - 0x74fb9000 	C:\Windows\system32\VERSION.dll
0x65030000 - 0x653fe000 	C:\Program Files (x86)\BlueJ\jdk\jre\bin\client\jvm.dll
0x74410000 - 0x74417000 	C:\Windows\system32\WSOCK32.dll
0x75650000 - 0x75685000 	C:\Windows\syswow64\WS2_32.dll
0x752e0000 - 0x752e6000 	C:\Windows\syswow64\NSI.dll
0x74910000 - 0x74942000 	C:\Windows\system32\WINMM.dll
0x76de0000 - 0x76de5000 	C:\Windows\syswow64\PSAPI.DLL
0x64f70000 - 0x6502f000 	C:\Program Files (x86)\BlueJ\jdk\jre\bin\MSVCR100.dll
0x69540000 - 0x6954c000 	C:\Program Files (x86)\BlueJ\jdk\jre\bin\verify.dll
0x69510000 - 0x69531000 	C:\Program Files (x86)\BlueJ\jdk\jre\bin\java.dll
0x661b0000 - 0x661c3000 	C:\Program Files (x86)\BlueJ\jdk\jre\bin\zip.dll
0x77850000 - 0x7785b000 	C:\Windows\syswow64\profapi.dll
0x64e80000 - 0x64f6e000 	C:\Program Files (x86)\BlueJ\jdk\jre\bin\msvcr120.dll
0x64e00000 - 0x64e71000 	C:\Program Files (x86)\BlueJ\jdk\jre\bin\msvcp120.dll
0x66190000 - 0x661ae000 	C:\Program Files (x86)\BlueJ\jdk\jre\bin\prism_d3d.dll
0x6a6c0000 - 0x6a883000 	C:\Windows\system32\d3d9.dll
0x70450000 - 0x70456000 	C:\Windows\system32\d3d8thk.dll
0x6b8c0000 - 0x6b8d3000 	C:\Windows\system32\dwmapi.dll
0x75200000 - 0x7522f000 	C:\Windows\syswow64\WINTRUST.dll
0x76c20000 - 0x76d41000 	C:\Windows\syswow64\CRYPT32.dll
0x769c0000 - 0x769cc000 	C:\Windows\syswow64\MSASN1.dll
0x73250000 - 0x732d0000 	C:\Windows\system32\uxtheme.dll
0x64de0000 - 0x64df9000 	C:\Program Files (x86)\BlueJ\jdk\jre\bin\prism_sw.dll
0x64da0000 - 0x64dd3000 	C:\Program Files (x86)\BlueJ\jdk\jre\bin\glass.dll
0x76f70000 - 0x77001000 	C:\Windows\syswow64\OLEAUT32.dll
0x64c50000 - 0x64d96000 	C:\Program Files (x86)\BlueJ\jdk\jre\bin\awt.dll
0x64b80000 - 0x64c48000 	C:\Windows\system32\opengl32.dll
0x64b50000 - 0x64b72000 	C:\Windows\system32\GLU32.dll
0x64a60000 - 0x64b47000 	C:\Windows\system32\DDRAW.dll
0x66180000 - 0x66186000 	C:\Windows\system32\DCIMAN32.dll
0x76770000 - 0x7690d000 	C:\Windows\syswow64\SETUPAPI.dll
0x75400000 - 0x75427000 	C:\Windows\syswow64\CFGMGR32.dll
0x773c0000 - 0x773d2000 	C:\Windows\syswow64\DEVOBJ.dll
0x64a10000 - 0x64a49000 	C:\Program Files (x86)\BlueJ\jdk\jre\bin\fontmanager.dll
0x649f0000 - 0x64a06000 	C:\Program Files (x86)\BlueJ\jdk\jre\bin\net.dll
0x74da0000 - 0x74ddc000 	C:\Windows\system32\mswsock.dll
0x74d80000 - 0x74d86000 	C:\Windows\System32\wship6.dll
0x64a50000 - 0x64a5f000 	C:\Program Files (x86)\BlueJ\jdk\jre\bin\nio.dll
0x74d70000 - 0x74d75000 	C:\Windows\System32\wshtcpip.dll
0x73cb0000 - 0x73cf4000 	C:\Windows\system32\DNSAPI.dll
0x736d0000 - 0x736ec000 	C:\Windows\system32\IPHLPAPI.DLL
0x735d0000 - 0x735d7000 	C:\Windows\system32\WINNSI.DLL
0x72fb0000 - 0x72fb6000 	C:\Windows\system32\rasadhlp.dll
0x72f70000 - 0x72fa8000 	C:\Windows\System32\fwpuclnt.dll
0x649b0000 - 0x649e2000 	C:\Program Files (x86)\BlueJ\jdk\jre\bin\t2k.dll
0x754c0000 - 0x75543000 	C:\Windows\syswow64\CLBCatQ.DLL
0x74de0000 - 0x74f7e000 	C:\Windows\WinSxS\x86_microsoft.windows.common-controls_6595b64144ccf1df_6.0.7601.18837_none_41e855142bd5705d\comctl32.dll
0x69ef0000 - 0x6a021000 	C:\Windows\system32\WindowsCodecs.dll
0x74890000 - 0x748dc000 	C:\Windows\system32\apphelp.dll
0x64970000 - 0x649a1000 	C:\Windows\system32\EhStorShell.dll
0x6d290000 - 0x6d385000 	C:\Windows\system32\PROPSYS.dll
0x64890000 - 0x64900000 	C:\Windows\system32\ntshrui.dll
0x734a0000 - 0x734b9000 	C:\Windows\system32\srvcli.dll
0x6b7c0000 - 0x6b7cb000 	C:\Windows\system32\cscapi.dll
0x6b2d0000 - 0x6b2da000 	C:\Windows\system32\slc.dll
0x74d50000 - 0x74d67000 	C:\Windows\system32\CRYPTSP.dll
0x74d10000 - 0x74d4b000 	C:\Windows\system32\rsaenh.dll
0x77460000 - 0x77477000 	C:\Windows\syswow64\USERENV.dll
0x706f0000 - 0x706fd000 	C:\Windows\system32\dhcpcsvc6.DLL
0x72d70000 - 0x72d82000 	C:\Windows\system32\dhcpcsvc.DLL
0x64950000 - 0x64961000 	C:\Program Files (x86)\BlueJ\jdk\jre\bin\javafx_font.dll
0x67330000 - 0x67466000 	C:\Windows\system32\dwrite.dll
0x64940000 - 0x64949000 	C:\Program Files (x86)\BlueJ\jdk\jre\bin\dt_shmem.dll
0x73070000 - 0x73080000 	C:\Windows\system32\NLAapi.dll
0x72fd0000 - 0x72fe0000 	C:\Windows\system32\napinsp.dll
0x72fc0000 - 0x72fc8000 	C:\Windows\System32\winrnr.dll

VM Arguments:
jvm_args: -Xmx512M 
java_command: <unknown>
java_class_path (initial): C:\Program Files (x86)\BlueJ\lib\bluej.jar;C:\Program Files (x86)\BlueJ\jdk\lib\tools.jar
Launcher Type: generic

Environment Variables:
PATH=C:\ProgramData\Oracle\Java\javapath;C:\Program Files\ESET\ESET File Security\;C:\Windows\system32;C:\Windows;C:\Windows\System32\Wbem;C:\Windows\System32\WindowsPowerShell\v1.0\;C:\Program Files (x86)\Common Files\Acronis\SnapAPI\;C:\Program Files (x86)\Acronis\CommandLineTool\;C:\Program Files (x86)\Brackets\command;C:\Program Files\Git\cmd
USERNAME=oberpa
OS=Windows_NT
PROCESSOR_IDENTIFIER=Intel64 Family 6 Model 45 Stepping 7, GenuineIntel



---------------  S Y S T E M  ---------------

OS: Windows Server 2008 R2 , 64 bit Build 7601 (6.1.7601.23796)

CPU:total 24 (6 cores per cpu, 2 threads per core) family 6 model 45 stepping 7, cmov, cx8, fxsr, mmx, sse, sse2, sse3, ssse3, sse4.1, sse4.2, popcnt, avx, aes, clmul, ht, tsc, tscinvbit, tscinv

Memory: 4k page, physical 33518984k(9948152k free), swap 67071556k(1660k free)

vm_info: Java HotSpot(TM) Client VM (25.121-b13) for windows-x86 JRE (1.8.0_121-b13), built on Dec 12 2016 18:17:00 by "java_re" with MS VC++ 10.0 (VS2010)

time: Mon May 29 09:01:17 2017
elapsed time: 106 seconds (0d 0h 1m 46s)

