#
# There is insufficient memory for the Java Runtime Environment to continue.
# Native memory allocation (malloc) failed to allocate 32756 bytes for ChunkPool::allocate
# Possible reasons:
#   The system is out of physical RAM or swap space
#   In 32 bit mode, the process size limit was hit
# Possible solutions:
#   Reduce memory load on the system
#   Increase physical memory or swap space
#   Check if swap backing store is full
#   Use 64 bit Java on a 64 bit OS
#   Decrease Java heap size (-Xmx/-Xms)
#   Decrease number of Java threads
#   Decrease Java thread stack sizes (-Xss)
#   Set larger code cache with -XX:ReservedCodeCacheSize=
# This output file may be truncated or incomplete.
#
#  Out of Memory Error (allocation.cpp:273), pid=10436, tid=0x00002944
#
# JRE version: Java(TM) SE Runtime Environment (8.0_121-b13) (build 1.8.0_121-b13)
# Java VM: Java HotSpot(TM) Client VM (25.121-b13 mixed mode windows-x86 )
# Failed to write core dump. 
#

---------------  T H R E A D  ---------------

Current thread (0x24fb1800):  JavaThread "C1 CompilerThread0" daemon [_thread_in_native, id=10564, stack(0x25ba0000,0x25da0000)]

Stack: [0x25ba0000,0x25da0000],  sp=0x25d9e688,  free space=2041k
Native frames: (J=compiled Java code, j=interpreted, Vv=VM code, C=native code)
V  [jvm.dll+0x1aa3bb]
V  [jvm.dll+0x1be4e1]
V  [jvm.dll+0x1c12ad]
V  [jvm.dll+0x1c2af8]
C  [MSVCR100.dll+0x5c556]
C  [MSVCR100.dll+0x5c600]
C  [kernel32.dll+0x1336a]
C  [ntdll.dll+0x39902]
C  [ntdll.dll+0x398d5]
C  0x00000000


Current CompileTask:
C1:3477629 31360             com.sun.javafx.sg.prism.NGRegion::renderBorderRectangle (2674 bytes)


---------------  P R O C E S S  ---------------

Java Threads: ( => current thread )
  0x366e8000 JavaThread "vm-event-handler" [_thread_blocked, id=75516, stack(0x35ae0000,0x35ce0000)]
  0x31a6dc00 JavaThread "BlueJ I/O Handler" [_thread_blocked, id=66124, stack(0x358e0000,0x35ae0000)]
  0x31a6d400 JavaThread "BlueJ I/O Handler" [_thread_in_native, id=66172, stack(0x356e0000,0x358e0000)]
  0x31a6d000 JavaThread "BlueJ I/O Handler" [_thread_in_native, id=48100, stack(0x354e0000,0x356e0000)]
  0x31a6c800 JavaThread "JDI Target VM Interface" daemon [_thread_in_native, id=69828, stack(0x352e0000,0x354e0000)]
  0x31a6c400 JavaThread "JDI Internal Event Handler" daemon [_thread_blocked, id=54348, stack(0x350e0000,0x352e0000)]
  0x26e57000 JavaThread "BlueJ compiler thread" [_thread_blocked, id=10604, stack(0x33a70000,0x33c70000)]
  0x2aaa3000 JavaThread "pool-4-thread-24" [_thread_blocked, id=820, stack(0x31230000,0x31430000)]
  0x2aaa2800 JavaThread "pool-4-thread-23" [_thread_blocked, id=8676, stack(0x30ff0000,0x311f0000)]
  0x2aaa2400 JavaThread "pool-4-thread-22" [_thread_blocked, id=9408, stack(0x30db0000,0x30fb0000)]
  0x2aaa1c00 JavaThread "pool-4-thread-21" [_thread_blocked, id=9036, stack(0x30b70000,0x30d70000)]
  0x2aaa1400 JavaThread "pool-4-thread-20" [_thread_blocked, id=4236, stack(0x30930000,0x30b30000)]
  0x2aaa1000 JavaThread "pool-4-thread-19" [_thread_blocked, id=9724, stack(0x306f0000,0x308f0000)]
  0x2aaa0800 JavaThread "pool-4-thread-18" [_thread_blocked, id=7940, stack(0x304b0000,0x306b0000)]
  0x2aaa0400 JavaThread "pool-4-thread-17" [_thread_blocked, id=5512, stack(0x30270000,0x30470000)]
  0x2aa9fc00 JavaThread "pool-4-thread-16" [_thread_blocked, id=7996, stack(0x30030000,0x30230000)]
  0x2aa9f800 JavaThread "pool-4-thread-15" [_thread_blocked, id=10092, stack(0x2fdf0000,0x2fff0000)]
  0x2aa9f000 JavaThread "pool-4-thread-14" [_thread_blocked, id=6040, stack(0x2fbb0000,0x2fdb0000)]
  0x2aa9ec00 JavaThread "pool-4-thread-13" [_thread_blocked, id=6488, stack(0x2f970000,0x2fb70000)]
  0x26e5cc00 JavaThread "pool-4-thread-12" [_thread_blocked, id=10032, stack(0x2f730000,0x2f930000)]
  0x26e5c800 JavaThread "pool-4-thread-11" [_thread_blocked, id=9076, stack(0x2f4f0000,0x2f6f0000)]
  0x26e5c000 JavaThread "pool-4-thread-10" [_thread_blocked, id=8916, stack(0x2f2b0000,0x2f4b0000)]
  0x26e5bc00 JavaThread "pool-4-thread-9" [_thread_blocked, id=8860, stack(0x2f070000,0x2f270000)]
  0x26e5b400 JavaThread "pool-4-thread-8" [_thread_blocked, id=8684, stack(0x2ee30000,0x2f030000)]
  0x26e5b000 JavaThread "pool-4-thread-7" [_thread_blocked, id=8668, stack(0x2ebf0000,0x2edf0000)]
  0x26e5a800 JavaThread "pool-4-thread-6" [_thread_blocked, id=8604, stack(0x2e9b0000,0x2ebb0000)]
  0x26e5a000 JavaThread "pool-4-thread-5" [_thread_blocked, id=6900, stack(0x2e770000,0x2e970000)]
  0x26e59c00 JavaThread "pool-4-thread-4" [_thread_blocked, id=9684, stack(0x2e530000,0x2e730000)]
  0x26e59400 JavaThread "pool-4-thread-3" [_thread_blocked, id=3060, stack(0x2e2f0000,0x2e4f0000)]
  0x26e59000 JavaThread "pool-4-thread-2" [_thread_blocked, id=9012, stack(0x2e0f0000,0x2e2f0000)]
  0x26e58800 JavaThread "pool-4-thread-1" [_thread_blocked, id=844, stack(0x2def0000,0x2e0f0000)]
  0x26e57c00 JavaThread "Prism Font Disposer" daemon [_thread_blocked, id=472, stack(0x2d0b0000,0x2d2b0000)]
  0x26e57400 JavaThread "Thread-11" daemon [_thread_blocked, id=7516, stack(0x2cab0000,0x2ccb0000)]
  0x26e55c00 JavaThread "TimerQueue" daemon [_thread_blocked, id=14864, stack(0x28c50000,0x28e50000)]
  0x26e4ec00 JavaThread "AWT-EventQueue-0" [_thread_blocked, id=10712, stack(0x281b0000,0x283b0000)]
  0x26e4d400 JavaThread "AWT-Windows" daemon [_thread_in_native, id=10708, stack(0x27f70000,0x28170000)]
  0x26e48c00 JavaThread "AWT-Shutdown" [_thread_blocked, id=10696, stack(0x27d30000,0x27f30000)]
  0x26e42000 JavaThread "Java2D Disposer" daemon [_thread_blocked, id=10652, stack(0x27af0000,0x27cf0000)]
  0x26e09c00 JavaThread "Thread-4" [_thread_blocked, id=10644, stack(0x276b0000,0x278b0000)]
  0x26dfe400 JavaThread "Thread-3" daemon [_thread_in_native, id=10640, stack(0x27470000,0x27670000)]
  0x26df1400 JavaThread "JavaFX Application Thread" [_thread_in_native, id=10632, stack(0x27230000,0x27430000)]
  0x25163c00 JavaThread "Thread-2" daemon [_thread_blocked, id=10628, stack(0x26bf0000,0x26df0000)]
  0x25130c00 JavaThread "QuantumRenderer-0" daemon [_thread_blocked, id=10612, stack(0x26590000,0x26790000)]
  0x250efc00 JavaThread "JavaFX-Launcher" [_thread_blocked, id=10596, stack(0x26350000,0x26550000)]
  0x24fc9000 JavaThread "Service Thread" daemon [_thread_blocked, id=10568, stack(0x25de0000,0x25fe0000)]
=>0x24fb1800 JavaThread "C1 CompilerThread0" daemon [_thread_in_native, id=10564, stack(0x25ba0000,0x25da0000)]
  0x24fb0800 JavaThread "Attach Listener" daemon [_thread_blocked, id=10560, stack(0x25960000,0x25b60000)]
  0x24fad800 JavaThread "Signal Dispatcher" daemon [_thread_blocked, id=10552, stack(0x25720000,0x25920000)]
  0x24f97800 JavaThread "Finalizer" daemon [_thread_blocked, id=10484, stack(0x253f0000,0x255f0000)]
  0x0235f800 JavaThread "Reference Handler" daemon [_thread_blocked, id=10472, stack(0x251b0000,0x253b0000)]
  0x01f2d400 JavaThread "main" [_thread_blocked, id=10440, stack(0x00090000,0x00290000)]

Other Threads:
  0x0235b400 VMThread [stack: 0x24d70000,0x24f70000] [id=10456]
  0x24fdac00 WatcherThread [stack: 0x26110000,0x26310000] [id=10576]

VM state:not at safepoint (normal execution)

VM Mutex/Monitor currently owned by a thread: None

Heap:
 def new generation   total 100160K, used 90345K [0x04800000, 0x0b4a0000, 0x0f2a0000)
  eden space 89088K,  88% used [0x04800000, 0x0956a648, 0x09f00000)
  from space 11072K, 100% used [0x09f00000, 0x0a9d0000, 0x0a9d0000)
  to   space 11072K,   0% used [0x0a9d0000, 0x0a9d0000, 0x0b4a0000)
 tenured generation   total 222144K, used 141739K [0x0f2a0000, 0x1cb90000, 0x24800000)
   the space 222144K,  63% used [0x0f2a0000, 0x17d0acd8, 0x17d0ae00, 0x1cb90000)
 Metaspace       used 33560K, capacity 36162K, committed 38144K, reserved 38272K

Card table byte_map: [0x24800000,0x24910000] byte_map_base: 0x247dc000

Polling page: 0x003e0000

CodeCache: size=32768Kb used=3941Kb max_used=5362Kb free=28826Kb
 bounds [0x02740000, 0x02cb0000, 0x04740000]
 total_blobs=2577 nmethods=2112 adapters=393
 compilation: enabled

Compilation events (10 events):
Event: 3476.753 Thread 0x24fb1800 nmethod 31355 0x02962ec8 code [0x02962fd0, 0x02963050]
Event: 3476.753 Thread 0x24fb1800 31356             com.sun.javafx.geom.transform.BaseTransform::getMxy (2 bytes)
Event: 3476.753 Thread 0x24fb1800 nmethod 31356 0x029897c8 code [0x029898c0, 0x02989940]
Event: 3476.753 Thread 0x24fb1800 31357             com.sun.javafx.geom.transform.BaseTransform::getMyx (2 bytes)
Event: 3476.753 Thread 0x24fb1800 nmethod 31357 0x02afd708 code [0x02afd800, 0x02afd880]
Event: 3476.754 Thread 0x24fb1800 31358             com.sun.javafx.geom.transform.BaseTransform::getMyy (2 bytes)
Event: 3476.754 Thread 0x24fb1800 nmethod 31358 0x0280fa48 code [0x0280fb50, 0x0280fbd0]
Event: 3476.754 Thread 0x24fb1800 31359             com.sun.javafx.text.PrismTextLayout::initCache (276 bytes)
Event: 3476.755 Thread 0x24fb1800 nmethod 31359 0x0283b108 code [0x0283b260, 0x0283b638]
Event: 3476.765 Thread 0x24fb1800 31360             com.sun.javafx.sg.prism.NGRegion::renderBorderRectangle (2674 bytes)

GC Heap History (10 events):
Event: 2867.351 GC heap before
{Heap before GC invocations=157 (full 12):
 def new generation   total 81216K, used 78528K [0x04800000, 0x0a010000, 0x0f2a0000)
  eden space 72256K, 100% used [0x04800000, 0x08e90000, 0x08e90000)
  from space 8960K,  70% used [0x08e90000, 0x094b0010, 0x09750000)
  to   space 8960K,   0% used [0x09750000, 0x09750000, 0x0a010000)
 tenured generation   total 179984K, used 179879K [0x0f2a0000, 0x1a264000, 0x24800000)
   the space 179984K,  99% used [0x0f2a0000, 0x1a249dc0, 0x1a249e00, 0x1a264000)
 Metaspace       used 35187K, capacity 37509K, committed 38144K, reserved 38272K
Event: 2867.642 GC heap after
Heap after GC invocations=158 (full 13):
 def new generation   total 100160K, used 0K [0x04800000, 0x0b4a0000, 0x0f2a0000)
  eden space 89088K,   0% used [0x04800000, 0x04800000, 0x09f00000)
  from space 11072K,   0% used [0x09f00000, 0x09f00000, 0x0a9d0000)
  to   space 11072K,   0% used [0x0a9d0000, 0x0a9d0000, 0x0b4a0000)
 tenured generation   total 222144K, used 133284K [0x0f2a0000, 0x1cb90000, 0x24800000)
   the space 222144K,  59% used [0x0f2a0000, 0x174c9188, 0x174c9200, 0x1cb90000)
 Metaspace       used 31951K, capacity 33863K, committed 38144K, reserved 38272K
}
Event: 2931.369 GC heap before
{Heap before GC invocations=158 (full 13):
 def new generation   total 100160K, used 89331K [0x04800000, 0x0b4a0000, 0x0f2a0000)
  eden space 89088K, 100% used [0x04800000, 0x09f00000, 0x09f00000)
  from space 11072K,   2% used [0x09f00000, 0x09f3cff8, 0x0a9d0000)
  to   space 11072K,   0% used [0x0a9d0000, 0x0a9d0000, 0x0b4a0000)
 tenured generation   total 222144K, used 133284K [0x0f2a0000, 0x1cb90000, 0x24800000)
   the space 222144K,  59% used [0x0f2a0000, 0x174c9188, 0x174c9200, 0x1cb90000)
 Metaspace       used 32461K, capacity 34481K, committed 38144K, reserved 38272K
Event: 2931.396 GC heap after
Heap after GC invocations=159 (full 13):
 def new generation   total 100160K, used 5428K [0x04800000, 0x0b4a0000, 0x0f2a0000)
  eden space 89088K,   0% used [0x04800000, 0x04800000, 0x09f00000)
  from space 11072K,  49% used [0x0a9d0000, 0x0af1d388, 0x0b4a0000)
  to   space 11072K,   0% used [0x09f00000, 0x09f00000, 0x0a9d0000)
 tenured generation   total 222144K, used 133284K [0x0f2a0000, 0x1cb90000, 0x24800000)
   the space 222144K,  59% used [0x0f2a0000, 0x174c9188, 0x174c9200, 0x1cb90000)
 Metaspace       used 32461K, capacity 34481K, committed 38144K, reserved 38272K
}
Event: 3016.334 GC heap before
{Heap before GC invocations=159 (full 13):
 def new generation   total 100160K, used 94516K [0x04800000, 0x0b4a0000, 0x0f2a0000)
  eden space 89088K, 100% used [0x04800000, 0x09f00000, 0x09f00000)
  from space 11072K,  49% used [0x0a9d0000, 0x0af1d388, 0x0b4a0000)
  to   space 11072K,   0% used [0x09f00000, 0x09f00000, 0x0a9d0000)
 tenured generation   total 222144K, used 133284K [0x0f2a0000, 0x1cb90000, 0x24800000)
   the space 222144K,  59% used [0x0f2a0000, 0x174c9188, 0x174c9200, 0x1cb90000)
 Metaspace       used 32827K, capacity 35073K, committed 38144K, reserved 38272K
Event: 3016.358 GC heap after
Heap after GC invocations=160 (full 13):
 def new generation   total 100160K, used 6585K [0x04800000, 0x0b4a0000, 0x0f2a0000)
  eden space 89088K,   0% used [0x04800000, 0x04800000, 0x09f00000)
  from space 11072K,  59% used [0x09f00000, 0x0a56e7a0, 0x0a9d0000)
  to   space 11072K,   0% used [0x0a9d0000, 0x0a9d0000, 0x0b4a0000)
 tenured generation   total 222144K, used 133284K [0x0f2a0000, 0x1cb90000, 0x24800000)
   the space 222144K,  59% used [0x0f2a0000, 0x174c9188, 0x174c9200, 0x1cb90000)
 Metaspace       used 32827K, capacity 35073K, committed 38144K, reserved 38272K
}
Event: 3247.798 GC heap before
{Heap before GC invocations=160 (full 13):
 def new generation   total 100160K, used 95673K [0x04800000, 0x0b4a0000, 0x0f2a0000)
  eden space 89088K, 100% used [0x04800000, 0x09f00000, 0x09f00000)
  from space 11072K,  59% used [0x09f00000, 0x0a56e7a0, 0x0a9d0000)
  to   space 11072K,   0% used [0x0a9d0000, 0x0a9d0000, 0x0b4a0000)
 tenured generation   total 222144K, used 133284K [0x0f2a0000, 0x1cb90000, 0x24800000)
   the space 222144K,  59% used [0x0f2a0000, 0x174c9188, 0x174c9200, 0x1cb90000)
 Metaspace       used 33100K, capacity 35493K, committed 38144K, reserved 38272K
Event: 3247.820 GC heap after
Heap after GC invocations=161 (full 13):
 def new generation   total 100160K, used 5609K [0x04800000, 0x0b4a0000, 0x0f2a0000)
  eden space 89088K,   0% used [0x04800000, 0x04800000, 0x09f00000)
  from space 11072K,  50% used [0x0a9d0000, 0x0af4a640, 0x0b4a0000)
  to   space 11072K,   0% used [0x09f00000, 0x09f00000, 0x0a9d0000)
 tenured generation   total 222144K, used 135822K [0x0f2a0000, 0x1cb90000, 0x24800000)
   the space 222144K,  61% used [0x0f2a0000, 0x17743b40, 0x17743c00, 0x1cb90000)
 Metaspace       used 33100K, capacity 35493K, committed 38144K, reserved 38272K
}
Event: 3321.686 GC heap before
{Heap before GC invocations=161 (full 13):
 def new generation   total 100160K, used 94137K [0x04800000, 0x0b4a0000, 0x0f2a0000)
  eden space 89088K,  99% used [0x04800000, 0x09e740d0, 0x09f00000)
  from space 11072K,  50% used [0x0a9d0000, 0x0af4a640, 0x0b4a0000)
  to   space 11072K,   0% used [0x09f00000, 0x09f00000, 0x0a9d0000)
 tenured generation   total 222144K, used 135822K [0x0f2a0000, 0x1cb90000, 0x24800000)
   the space 222144K,  61% used [0x0f2a0000, 0x17743b40, 0x17743c00, 0x1cb90000)
 Metaspace       used 33420K, capacity 35985K, committed 38144K, reserved 38272K
Event: 3321.715 GC heap after
Heap after GC invocations=162 (full 13):
 def new generation   total 100160K, used 11072K [0x04800000, 0x0b4a0000, 0x0f2a0000)
  eden space 89088K,   0% used [0x04800000, 0x04800000, 0x09f00000)
  from space 11072K, 100% used [0x09f00000, 0x0a9d0000, 0x0a9d0000)
  to   space 11072K,   0% used [0x0a9d0000, 0x0a9d0000, 0x0b4a0000)
 tenured generation   total 222144K, used 141739K [0x0f2a0000, 0x1cb90000, 0x24800000)
   the space 222144K,  63% used [0x0f2a0000, 0x17d0acd8, 0x17d0ae00, 0x1cb90000)
 Metaspace       used 33420K, capacity 35985K, committed 38144K, reserved 38272K
}

Deoptimization events (0 events):
No events

Internal exceptions (10 events):
Event: 3332.821 Thread 0x26e57000 Exception <a 'java/io/FileNotFoundException'> (0x05e088f8) thrown at [C:\workspace\8-2-build-windows-i586-cygwin\jdk8u121\8372\hotspot\src\share\vm\prims\jni.cpp, line 709]
Event: 3333.065 Thread 0x25130c00 Exception <a 'java/lang/ArrayIndexOutOfBoundsException'> (0x05ab70d0) thrown at [C:\workspace\8-2-build-windows-i586-cygwin\jdk8u121\8372\hotspot\src\share\vm\runtime\sharedRuntime.cpp, line 605]
Event: 3385.096 Thread 0x25130c00 Exception <a 'java/lang/ArrayIndexOutOfBoundsException'> (0x072e5b50) thrown at [C:\workspace\8-2-build-windows-i586-cygwin\jdk8u121\8372\hotspot\src\share\vm\runtime\sharedRuntime.cpp, line 605]
Event: 3423.145 Thread 0x26df1400 Exception <a 'java/io/FileNotFoundException'> (0x0845d828) thrown at [C:\workspace\8-2-build-windows-i586-cygwin\jdk8u121\8372\hotspot\src\share\vm\prims\jni.cpp, line 709]
Event: 3431.775 Thread 0x26df1400 Exception <a 'java/io/FileNotFoundException'> (0x084a5c28) thrown at [C:\workspace\8-2-build-windows-i586-cygwin\jdk8u121\8372\hotspot\src\share\vm\prims\jni.cpp, line 709]
Event: 3433.984 Thread 0x26df1400 Exception <a 'java/io/FileNotFoundException'> (0x084d3278) thrown at [C:\workspace\8-2-build-windows-i586-cygwin\jdk8u121\8372\hotspot\src\share\vm\prims\jni.cpp, line 709]
Event: 3441.328 Thread 0x26df1400 Exception <a 'java/io/FileNotFoundException'> (0x085264f0) thrown at [C:\workspace\8-2-build-windows-i586-cygwin\jdk8u121\8372\hotspot\src\share\vm\prims\jni.cpp, line 709]
Event: 3466.024 Thread 0x26df1400 Exception <a 'java/io/FileNotFoundException'> (0x086c3f70) thrown at [C:\workspace\8-2-build-windows-i586-cygwin\jdk8u121\8372\hotspot\src\share\vm\prims\jni.cpp, line 709]
Event: 3466.947 Thread 0x26df1400 Exception <a 'java/io/FileNotFoundException'> (0x086fc9f8) thrown at [C:\workspace\8-2-build-windows-i586-cygwin\jdk8u121\8372\hotspot\src\share\vm\prims\jni.cpp, line 709]
Event: 3470.588 Thread 0x25130c00 Exception <a 'java/lang/OutOfMemoryError'> (0x08b480f0) thrown at [C:\workspace\8-2-build-windows-i586-cygwin\jdk8u121\8372\hotspot\src\share\vm\prims\unsafe.cpp, line 634]

Events (10 events):
Event: 3476.559 Thread 0x24fb1800 flushing nmethod 0x02bb7148
Event: 3476.559 Thread 0x24fb1800 flushing nmethod 0x02bb73c8
Event: 3476.559 Thread 0x24fb1800 flushing nmethod 0x02bb76c8
Event: 3476.559 Thread 0x24fb1800 flushing nmethod 0x02bb7888
Event: 3476.559 Thread 0x24fb1800 flushing nmethod 0x02bb7ac8
Event: 3476.559 Thread 0x24fb1800 flushing nmethod 0x02bb7c88
Event: 3476.559 Thread 0x24fb1800 flushing nmethod 0x02bbc408
Event: 3476.559 Thread 0x24fb1800 flushing nmethod 0x02bc33c8
Event: 3476.559 Thread 0x24fb1800 flushing nmethod 0x02bdce48
Event: 3476.559 Thread 0x24fb1800 flushing nmethod 0x02c25388


Dynamic libraries:
0x00400000 - 0x004eb000 	C:\Program Files (x86)\BlueJ\BlueJ.exe
0x77880000 - 0x77a00000 	C:\Windows\SysWOW64\ntdll.dll
0x752f0000 - 0x75400000 	C:\Windows\syswow64\kernel32.dll
0x765c0000 - 0x76607000 	C:\Windows\syswow64\KERNELBASE.dll
0x70300000 - 0x70318000 	C:\Windows\system32\tsappcmp.dll
0x75230000 - 0x752dc000 	C:\Windows\syswow64\msvcrt.dll
0x76df0000 - 0x76ef0000 	C:\Windows\syswow64\USER32.dll
0x75430000 - 0x754c0000 	C:\Windows\syswow64\GDI32.dll
0x76f60000 - 0x76f6a000 	C:\Windows\syswow64\LPK.dll
0x76920000 - 0x769bd000 	C:\Windows\syswow64\USP10.dll
0x77310000 - 0x773b1000 	C:\Windows\syswow64\ADVAPI32.dll
0x751e0000 - 0x751f9000 	C:\Windows\SysWOW64\sechost.dll
0x75550000 - 0x75640000 	C:\Windows\syswow64\RPCRT4.dll
0x75120000 - 0x75180000 	C:\Windows\syswow64\SspiCli.dll
0x75110000 - 0x7511c000 	C:\Windows\syswow64\CRYPTBASE.dll
0x76aa0000 - 0x76bfd000 	C:\Windows\syswow64\ole32.dll
0x76ef0000 - 0x76f50000 	C:\Windows\system32\IMM32.DLL
0x769d0000 - 0x76a9d000 	C:\Windows\syswow64\MSCTF.dll
0x773e0000 - 0x7745b000 	C:\Windows\syswow64\COMDLG32.DLL
0x76d50000 - 0x76da7000 	C:\Windows\syswow64\SHLWAPI.dll
0x74fc0000 - 0x75044000 	C:\Windows\WinSxS\x86_microsoft.windows.common-controls_6595b64144ccf1df_5.82.7601.18837_none_ec86b8d6858ec0bc\COMCTL32.dll
0x756a0000 - 0x762eb000 	C:\Windows\syswow64\SHELL32.dll
0x74fb0000 - 0x74fb9000 	C:\Windows\system32\VERSION.dll
0x65030000 - 0x653fe000 	C:\Program Files (x86)\BlueJ\jdk\jre\bin\client\jvm.dll
0x74410000 - 0x74417000 	C:\Windows\system32\WSOCK32.dll
0x75650000 - 0x75685000 	C:\Windows\syswow64\WS2_32.dll
0x752e0000 - 0x752e6000 	C:\Windows\syswow64\NSI.dll
0x74910000 - 0x74942000 	C:\Windows\system32\WINMM.dll
0x76de0000 - 0x76de5000 	C:\Windows\syswow64\PSAPI.DLL
0x64f70000 - 0x6502f000 	C:\Program Files (x86)\BlueJ\jdk\jre\bin\MSVCR100.dll
0x69540000 - 0x6954c000 	C:\Program Files (x86)\BlueJ\jdk\jre\bin\verify.dll
0x69510000 - 0x69531000 	C:\Program Files (x86)\BlueJ\jdk\jre\bin\java.dll
0x661b0000 - 0x661c3000 	C:\Program Files (x86)\BlueJ\jdk\jre\bin\zip.dll
0x77850000 - 0x7785b000 	C:\Windows\syswow64\profapi.dll
0x64e80000 - 0x64f6e000 	C:\Program Files (x86)\BlueJ\jdk\jre\bin\msvcr120.dll
0x64e00000 - 0x64e71000 	C:\Program Files (x86)\BlueJ\jdk\jre\bin\msvcp120.dll
0x66190000 - 0x661ae000 	C:\Program Files (x86)\BlueJ\jdk\jre\bin\prism_d3d.dll
0x6a6c0000 - 0x6a883000 	C:\Windows\system32\d3d9.dll
0x70450000 - 0x70456000 	C:\Windows\system32\d3d8thk.dll
0x6b8c0000 - 0x6b8d3000 	C:\Windows\system32\dwmapi.dll
0x75200000 - 0x7522f000 	C:\Windows\syswow64\WINTRUST.dll
0x76c20000 - 0x76d41000 	C:\Windows\syswow64\CRYPT32.dll
0x769c0000 - 0x769cc000 	C:\Windows\syswow64\MSASN1.dll
0x73250000 - 0x732d0000 	C:\Windows\system32\uxtheme.dll
0x64de0000 - 0x64df9000 	C:\Program Files (x86)\BlueJ\jdk\jre\bin\prism_sw.dll
0x64da0000 - 0x64dd3000 	C:\Program Files (x86)\BlueJ\jdk\jre\bin\glass.dll
0x76f70000 - 0x77001000 	C:\Windows\syswow64\OLEAUT32.dll
0x64c50000 - 0x64d96000 	C:\Program Files (x86)\BlueJ\jdk\jre\bin\awt.dll
0x64b80000 - 0x64c48000 	C:\Windows\system32\opengl32.dll
0x64b50000 - 0x64b72000 	C:\Windows\system32\GLU32.dll
0x64a60000 - 0x64b47000 	C:\Windows\system32\DDRAW.dll
0x66180000 - 0x66186000 	C:\Windows\system32\DCIMAN32.dll
0x76770000 - 0x7690d000 	C:\Windows\syswow64\SETUPAPI.dll
0x75400000 - 0x75427000 	C:\Windows\syswow64\CFGMGR32.dll
0x773c0000 - 0x773d2000 	C:\Windows\syswow64\DEVOBJ.dll
0x64a10000 - 0x64a49000 	C:\Program Files (x86)\BlueJ\jdk\jre\bin\fontmanager.dll
0x649f0000 - 0x64a06000 	C:\Program Files (x86)\BlueJ\jdk\jre\bin\net.dll
0x74da0000 - 0x74ddc000 	C:\Windows\system32\mswsock.dll
0x74d80000 - 0x74d86000 	C:\Windows\System32\wship6.dll
0x64a50000 - 0x64a5f000 	C:\Program Files (x86)\BlueJ\jdk\jre\bin\nio.dll
0x74d70000 - 0x74d75000 	C:\Windows\System32\wshtcpip.dll
0x73cb0000 - 0x73cf4000 	C:\Windows\system32\DNSAPI.dll
0x736d0000 - 0x736ec000 	C:\Windows\system32\IPHLPAPI.DLL
0x735d0000 - 0x735d7000 	C:\Windows\system32\WINNSI.DLL
0x72fb0000 - 0x72fb6000 	C:\Windows\system32\rasadhlp.dll
0x72f70000 - 0x72fa8000 	C:\Windows\System32\fwpuclnt.dll
0x649b0000 - 0x649e2000 	C:\Program Files (x86)\BlueJ\jdk\jre\bin\t2k.dll
0x754c0000 - 0x75543000 	C:\Windows\syswow64\CLBCatQ.DLL
0x74de0000 - 0x74f7e000 	C:\Windows\WinSxS\x86_microsoft.windows.common-controls_6595b64144ccf1df_6.0.7601.18837_none_41e855142bd5705d\comctl32.dll
0x69ef0000 - 0x6a021000 	C:\Windows\system32\WindowsCodecs.dll
0x74890000 - 0x748dc000 	C:\Windows\system32\apphelp.dll
0x64970000 - 0x649a1000 	C:\Windows\system32\EhStorShell.dll
0x6d290000 - 0x6d385000 	C:\Windows\system32\PROPSYS.dll
0x64890000 - 0x64900000 	C:\Windows\system32\ntshrui.dll
0x734a0000 - 0x734b9000 	C:\Windows\system32\srvcli.dll
0x6b7c0000 - 0x6b7cb000 	C:\Windows\system32\cscapi.dll
0x6b2d0000 - 0x6b2da000 	C:\Windows\system32\slc.dll
0x74d50000 - 0x74d67000 	C:\Windows\system32\CRYPTSP.dll
0x74d10000 - 0x74d4b000 	C:\Windows\system32\rsaenh.dll
0x77460000 - 0x77477000 	C:\Windows\syswow64\USERENV.dll
0x706f0000 - 0x706fd000 	C:\Windows\system32\dhcpcsvc6.DLL
0x72d70000 - 0x72d82000 	C:\Windows\system32\dhcpcsvc.DLL
0x64950000 - 0x64961000 	C:\Program Files (x86)\BlueJ\jdk\jre\bin\javafx_font.dll
0x67330000 - 0x67466000 	C:\Windows\system32\dwrite.dll
0x64940000 - 0x64949000 	C:\Program Files (x86)\BlueJ\jdk\jre\bin\dt_shmem.dll
0x73070000 - 0x73080000 	C:\Windows\system32\NLAapi.dll
0x72fd0000 - 0x72fe0000 	C:\Windows\system32\napinsp.dll
0x72fc0000 - 0x72fc8000 	C:\Windows\System32\winrnr.dll
0x64860000 - 0x64881000 	C:\Program Files (x86)\Common Files\Microsoft Shared\Ink\rtscom.dll
0x64850000 - 0x6485a000 	C:\Program Files (x86)\BlueJ\jdk\jre\bin\management.dll
0x64840000 - 0x6484f000 	C:\Program Files (x86)\BlueJ\jdk\jre\bin\prism_common.dll
0x64820000 - 0x64832000 	C:\Program Files (x86)\BlueJ\jdk\jre\bin\decora_sse.dll
0x644d0000 - 0x64817000 	C:\Windows\system32\d2d1.dll
0x6b3e0000 - 0x6b555000 	C:\Windows\system32\d3d11.dll
0x6b390000 - 0x6b3dc000 	C:\Windows\system32\dxgi.dll
0x642e0000 - 0x644c9000 	C:\Windows\system32\D3D10Warp.dll
0x65510000 - 0x65530000 	C:\Program Files (x86)\BlueJ\jdk\jre\bin\sunec.dll
0x65500000 - 0x65509000 	C:\Program Files (x86)\BlueJ\jdk\jre\bin\sunmscapi.dll

VM Arguments:
jvm_args: -Xmx512M 
java_command: <unknown>
java_class_path (initial): C:\Program Files (x86)\BlueJ\lib\bluej.jar;C:\Program Files (x86)\BlueJ\jdk\lib\tools.jar
Launcher Type: generic

Environment Variables:
PATH=C:\ProgramData\Oracle\Java\javapath;C:\Program Files\ESET\ESET File Security\;C:\Windows\system32;C:\Windows;C:\Windows\System32\Wbem;C:\Windows\System32\WindowsPowerShell\v1.0\;C:\Program Files (x86)\Common Files\Acronis\SnapAPI\;C:\Program Files (x86)\Acronis\CommandLineTool\;C:\Program Files (x86)\Brackets\command;C:\Program Files\Git\cmd
USERNAME=oberpa
OS=Windows_NT
PROCESSOR_IDENTIFIER=Intel64 Family 6 Model 45 Stepping 7, GenuineIntel



---------------  S Y S T E M  ---------------

OS: Windows Server 2008 R2 , 64 bit Build 7601 (6.1.7601.23796)

CPU:total 24 (6 cores per cpu, 2 threads per core) family 6 model 45 stepping 7, cmov, cx8, fxsr, mmx, sse, sse2, sse3, ssse3, sse4.1, sse4.2, popcnt, avx, aes, clmul, ht, tsc, tscinvbit, tscinv

Memory: 4k page, physical 33518984k(8881532k free), swap 67071556k(604k free)

vm_info: Java HotSpot(TM) Client VM (25.121-b13) for windows-x86 JRE (1.8.0_121-b13), built on Dec 12 2016 18:17:00 by "java_re" with MS VC++ 10.0 (VS2010)

time: Mon May 29 08:59:26 2017
elapsed time: 3476 seconds (0d 0h 57m 56s)

