JvmtiExport can_access_local_variables 0
JvmtiExport can_hotswap_or_post_breakpoint 0
JvmtiExport can_post_on_exceptions 0
# 206 ciObject found
instanceKlass java/lang/invoke/LambdaForm$MH
instanceKlass bluej/editor/moe/MoeEditor$$Lambda$967
instanceKlass ea/Game
instanceKlass ea/TastenReagierbar
instanceKlass ea/Taste
instanceKlass ea/Raum
instanceKlass ea/internal/gra/Listung
instanceKlass ea/Leuchtend
instanceKlass org/junit/Test
instanceKlass org/junit/After
instanceKlass org/junit/Before
instanceKlass junit/framework/Assert
instanceKlass junit/framework/Test
instanceKlass ea/Game
instanceKlass ea/TastenReagierbar
instanceKlass ea/Taste
instanceKlass ea/Raum
instanceKlass java/lang/Throwable$PrintStreamOrWriter
instanceKlass ea/Game
instanceKlass ea/TastenReagierbar
instanceKlass ea/Taste
instanceKlass ea/Raum
instanceKlass ea/Game
instanceKlass ea/TastenReagierbar
instanceKlass ea/Taste
instanceKlass ea/Raum
instanceKlass ea/Game
instanceKlass ea/TastenReagierbar
instanceKlass ea/Taste
instanceKlass ea/Raum
instanceKlass ea/Game
instanceKlass ea/TastenReagierbar
instanceKlass ea/Taste
instanceKlass ea/Raum
instanceKlass ea/Game
instanceKlass ea/TastenReagierbar
instanceKlass ea/Taste
instanceKlass ea/Raum
instanceKlass ea/Game
instanceKlass ea/TastenReagierbar
instanceKlass ea/Raum
instanceKlass ea/Game
instanceKlass ea/TastenReagierbar
instanceKlass ea/Taste
instanceKlass ea/Raum
instanceKlass ea/Game
instanceKlass ea/TastenReagierbar
instanceKlass ea/Taste
instanceKlass ea/Raum
instanceKlass ea/Game
instanceKlass ea/TastenReagierbar
instanceKlass ea/Taste
instanceKlass ea/Raum
instanceKlass ea/Game
instanceKlass ea/TastenReagierbar
instanceKlass ea/Taste
instanceKlass ea/Raum
instanceKlass ea/Game
instanceKlass ea/TastenReagierbar
instanceKlass ea/Taste
instanceKlass ea/Raum
instanceKlass ea/Game
instanceKlass ea/TastenReagierbar
instanceKlass ea/Taste
instanceKlass ea/Raum
instanceKlass ea/Game
instanceKlass ea/TastenReagierbar
instanceKlass ea/Taste
instanceKlass ea/Raum
instanceKlass ea/Game
instanceKlass ea/TastenReagierbar
instanceKlass ea/Taste
instanceKlass ea/Raum
instanceKlass ea/Game
instanceKlass ea/TastenReagierbar
instanceKlass ea/Taste
instanceKlass ea/Raum
instanceKlass ea/Game
instanceKlass ea/TastenReagierbar
instanceKlass ea/Taste
instanceKlass ea/Raum
instanceKlass ea/Game
instanceKlass ea/TastenReagierbar
instanceKlass ea/Taste
instanceKlass ea/Raum
instanceKlass ea/Game
instanceKlass ea/TastenReagierbar
instanceKlass ea/Taste
instanceKlass ea/Raum
instanceKlass ea/Game
instanceKlass ea/TastenReagierbar
instanceKlass ea/Taste
instanceKlass ea/Raum
instanceKlass ea/Game
instanceKlass ea/TastenReagierbar
instanceKlass ea/Taste
instanceKlass ea/Raum
instanceKlass ea/Game
instanceKlass ea/TastenReagierbar
instanceKlass ea/Taste
instanceKlass ea/Raum
instanceKlass ea/Game
instanceKlass ea/TastenReagierbar
instanceKlass ea/Taste
instanceKlass ea/Raum
instanceKlass ea/internal/gra/Listung
instanceKlass ea/Leuchtend
instanceKlass org/junit/Test
instanceKlass org/junit/After
instanceKlass org/junit/Before
instanceKlass junit/framework/Assert
instanceKlass junit/framework/Test
instanceKlass ea/Game
instanceKlass ea/TastenReagierbar
instanceKlass ea/Taste
instanceKlass ea/Raum
instanceKlass ea/Game
instanceKlass ea/TastenReagierbar
instanceKlass ea/Taste
instanceKlass ea/Raum
instanceKlass ea/Game
instanceKlass ea/TastenReagierbar
instanceKlass ea/Taste
instanceKlass ea/Raum
instanceKlass ea/internal/gra/Listung
instanceKlass ea/Leuchtend
instanceKlass org/junit/Test
instanceKlass org/junit/After
instanceKlass org/junit/Before
instanceKlass junit/framework/Assert
instanceKlass junit/framework/Test
instanceKlass ea/Game
instanceKlass ea/TastenReagierbar
instanceKlass ea/Taste
instanceKlass ea/Raum
instanceKlass ea/internal/gra/Listung
instanceKlass ea/Leuchtend
instanceKlass org/junit/Test
instanceKlass org/junit/After
instanceKlass org/junit/Before
instanceKlass junit/framework/Assert
instanceKlass junit/framework/Test
instanceKlass ea/Game
instanceKlass ea/TastenReagierbar
instanceKlass ea/Taste
instanceKlass ea/Raum
instanceKlass ea/internal/gra/Listung
instanceKlass ea/Leuchtend
instanceKlass org/junit/Test
instanceKlass org/junit/After
instanceKlass org/junit/Before
instanceKlass junit/framework/Assert
instanceKlass junit/framework/Test
instanceKlass ea/Game
instanceKlass ea/TastenReagierbar
instanceKlass ea/Taste
instanceKlass ea/Raum
instanceKlass com/sun/tools/jdi/JDWP$VirtualMachine$DisposeObjects
instanceKlass com/sun/tools/jdi/JDWP$VirtualMachine$DisposeObjects$Request
instanceKlass ea/internal/gra/Listung
instanceKlass ea/Leuchtend
instanceKlass org/junit/Test
instanceKlass org/junit/After
instanceKlass org/junit/Before
instanceKlass junit/framework/Assert
instanceKlass junit/framework/Test
instanceKlass ea/Game
instanceKlass ea/TastenReagierbar
instanceKlass ea/Taste
instanceKlass ea/Raum
instanceKlass ea/BoundingRechteck
instanceKlass ea/Maus
instanceKlass ea/Ticker
instanceKlass ea/KollisionsReagierbar
instanceKlass ea/Farbe
instanceKlass ea/TastenLosgelassenReagierbar
instanceKlass ea/Kamera
instanceKlass ea/AnimationsEndeReagierbar
instanceKlass ea/Manager
instanceKlass ea/internal/gra/Listung
instanceKlass ea/Leuchtend
instanceKlass org/junit/Test
instanceKlass org/junit/After
instanceKlass org/junit/Before
instanceKlass junit/framework/Assert
instanceKlass junit/framework/Test
instanceKlass ea/Game
instanceKlass ea/TastenReagierbar
instanceKlass ea/Taste
instanceKlass ea/Raum
instanceKlass bluej/pkgmgr/PkgMgrFrame$$Lambda$966
instanceKlass com/sun/tools/javac/comp/Resolve$MethodResolutionDiagHelper$2
instanceKlass com/sun/tools/javac/comp/Resolve$MethodResolutionDiagHelper$DiagnosticRewriter
instanceKlass com/sun/tools/javac/comp/Resolve$MethodResolutionDiagHelper
instanceKlass com/sun/tools/javac/comp/Resolve$MethodResolutionDiagHelper$Template
instanceKlass com/sun/tools/javac/code/Types$MethodFilter
instanceKlass bluej/parser/JavaParser$DepthRef
instanceKlass bluej/pkgmgr/PackageEditor$$Lambda$965
instanceKlass java/lang/invoke/LambdaForm$MH
instanceKlass java/lang/invoke/LambdaForm$DMH
instanceKlass java/lang/invoke/LambdaForm$DMH
instanceKlass bluej/pkgmgr/PackageEditor$$Lambda$964
instanceKlass java/lang/invoke/LambdaForm$DMH
instanceKlass java/lang/invoke/LambdaForm$MH
instanceKlass java/lang/invoke/LambdaForm$DMH
instanceKlass java/lang/invoke/LambdaForm$DMH
instanceKlass bluej/pkgmgr/PackageEditor$$Lambda$963
instanceKlass java/lang/invoke/LambdaForm$DMH
instanceKlass bluej/extmgr/PackageExtensionMenu
instanceKlass java/lang/invoke/LambdaForm$MH
instanceKlass java/lang/invoke/LambdaForm$DMH
instanceKlass java/lang/invoke/LambdaForm$DMH
instanceKlass bluej/pkgmgr/PackageEditor$$Lambda$962
instanceKlass java/lang/invoke/LambdaForm$DMH
instanceKlass bluej/pkgmgr/PackageEditor$$Lambda$961
instanceKlass bluej/pkgmgr/PackageEditor$$Lambda$960
instanceKlass bluej/pkgmgr/PackageEditor$$Lambda$959
instanceKlass bluej/pkgmgr/PackageEditor$$Lambda$958
instanceKlass bluej/pkgmgr/Project$$Lambda$957
instanceKlass bluej/pkgmgr/Project$$Lambda$956
instanceKlass com/sun/javafx/scene/control/ReadOnlyUnbackedObservableList$SelectionListIterator
instanceKlass com/sun/javafx/scene/control/skin/VirtualFlow$5
instanceKlass java/lang/invoke/LambdaForm$MH
instanceKlass bluej/pkgmgr/Project$$Lambda$955
instanceKlass com/sun/javafx/scene/control/skin/TableCellSkinBase$$Lambda$954
instanceKlass com/sun/javafx/scene/control/skin/CellSkinBase$StyleableProperties
instanceKlass com/sun/javafx/scene/control/skin/TableRowSkinBase$$Lambda$953
instanceKlass bluej/debugmgr/inspector/FieldList$StringOrRef
instanceKlass javafx/scene/control/TableCell$$Lambda$952
instanceKlass javafx/scene/control/TableCell$$Lambda$951
instanceKlass javafx/scene/control/TableCell$$Lambda$950
instanceKlass javafx/scene/control/TableCell$$Lambda$949
instanceKlass javafx/scene/control/TableCell$$Lambda$948
instanceKlass javafx/scene/control/TableCell$$Lambda$947
instanceKlass javafx/scene/control/TableCell$$Lambda$946
instanceKlass javafx/scene/control/TableCell$$Lambda$945
instanceKlass com/sun/javafx/scene/control/skin/TableRowSkinBase$$Lambda$944
instanceKlass javafx/scene/control/TableRow$$Lambda$943
instanceKlass javafx/scene/control/TableRow$$Lambda$942
instanceKlass javafx/scene/control/TableRow$$Lambda$941
instanceKlass javafx/scene/control/Cell$1
instanceKlass com/sun/javafx/scene/control/skin/TableColumnHeader$$Lambda$940
instanceKlass com/sun/javafx/scene/control/skin/TableViewSkin$$Lambda$939
instanceKlass com/sun/javafx/scene/control/skin/TableViewSkin$$Lambda$938
instanceKlass com/sun/javafx/scene/control/skin/TableViewSkin$$Lambda$937
instanceKlass com/sun/javafx/scene/control/skin/TableViewSkin$$Lambda$936
instanceKlass com/sun/javafx/scene/control/skin/TableViewSkin$$Lambda$935
instanceKlass com/sun/javafx/scene/control/skin/TableViewSkin$$Lambda$934
instanceKlass com/sun/javafx/scene/control/skin/TableViewSkin$$Lambda$933
instanceKlass com/sun/javafx/scene/control/skin/TableViewSkin$$Lambda$932
instanceKlass com/sun/javafx/scene/control/skin/TableViewSkin$$Lambda$931
instanceKlass com/sun/javafx/scene/control/skin/TableViewSkin$$Lambda$930
instanceKlass com/sun/javafx/scene/control/skin/TableViewSkin$$Lambda$929
instanceKlass com/sun/javafx/scene/control/skin/TableViewSkinBase$$Lambda$928
instanceKlass com/sun/javafx/scene/control/skin/TableViewSkinBase$$Lambda$927
instanceKlass com/sun/javafx/scene/control/skin/TableViewSkinBase$1
instanceKlass com/sun/javafx/scene/control/skin/TableViewSkinBase$$Lambda$926
instanceKlass com/sun/javafx/scene/control/skin/TableColumnHeader$StyleableProperties
instanceKlass com/sun/javafx/scene/control/skin/TableHeaderRow$$Lambda$925
instanceKlass com/sun/javafx/scene/control/skin/TableHeaderRow$$Lambda$924
instanceKlass com/sun/javafx/scene/control/skin/TableHeaderRow$$Lambda$923
instanceKlass com/sun/javafx/scene/control/skin/NestedTableColumnHeader$$Lambda$922
instanceKlass com/sun/javafx/scene/control/skin/TableColumnHeader$$Lambda$921
instanceKlass com/sun/javafx/scene/control/skin/TableColumnHeader$$Lambda$920
instanceKlass com/sun/javafx/scene/control/skin/TableColumnHeader$$Lambda$919
instanceKlass com/sun/javafx/scene/control/skin/TableColumnHeader$$Lambda$918
instanceKlass com/sun/javafx/scene/control/skin/NestedTableColumnHeader$4
instanceKlass com/sun/javafx/scene/control/skin/NestedTableColumnHeader$3
instanceKlass com/sun/javafx/scene/control/skin/NestedTableColumnHeader$2
instanceKlass com/sun/javafx/scene/control/skin/NestedTableColumnHeader$1
instanceKlass com/sun/javafx/scene/control/skin/TableColumnHeader$$Lambda$917
instanceKlass com/sun/javafx/scene/control/skin/TableColumnHeader$$Lambda$916
instanceKlass com/sun/javafx/scene/control/skin/TableColumnHeader$$Lambda$915
instanceKlass com/sun/javafx/scene/control/skin/TableColumnHeader$$Lambda$914
instanceKlass com/sun/javafx/scene/control/skin/TableHeaderRow$$Lambda$913
instanceKlass com/sun/javafx/scene/control/skin/TableHeaderRow$$Lambda$912
instanceKlass com/sun/javafx/scene/control/skin/TableHeaderRow$3
instanceKlass com/sun/javafx/scene/control/skin/TableHeaderRow$$Lambda$911
instanceKlass com/sun/javafx/scene/control/skin/TableHeaderRow$$Lambda$910
instanceKlass com/sun/javafx/scene/control/skin/TableViewSkinBase$$Lambda$909
instanceKlass com/sun/javafx/scene/control/skin/TableViewSkinBase$$Lambda$908
instanceKlass com/sun/javafx/scene/control/skin/TableViewSkinBase$$Lambda$907
instanceKlass com/sun/javafx/scene/control/skin/TableViewSkinBase$$Lambda$906
instanceKlass com/sun/javafx/scene/control/skin/TableViewSkinBase$$Lambda$905
instanceKlass com/sun/javafx/scene/control/skin/TableViewSkinBase$$Lambda$904
instanceKlass com/sun/javafx/scene/control/skin/VirtualContainerBase$$Lambda$903
instanceKlass com/sun/javafx/scene/control/skin/VirtualFlow$4
instanceKlass com/sun/javafx/scene/control/skin/VirtualFlow$$Lambda$902
instanceKlass com/sun/javafx/scene/control/skin/VirtualFlow$$Lambda$901
instanceKlass com/sun/javafx/scene/control/skin/VirtualFlow$$Lambda$900
instanceKlass com/sun/javafx/scene/control/skin/VirtualFlow$$Lambda$899
instanceKlass com/sun/javafx/scene/control/skin/VirtualFlow$$Lambda$898
instanceKlass com/sun/javafx/scene/control/skin/VirtualFlow$$Lambda$897
instanceKlass com/sun/javafx/scene/control/skin/VirtualFlow$$Lambda$896
instanceKlass com/sun/javafx/scene/control/skin/VirtualFlow$$Lambda$895
instanceKlass com/sun/javafx/scene/control/skin/VirtualFlow$$Lambda$894
instanceKlass com/sun/javafx/scene/control/skin/VirtualFlow$3
instanceKlass com/sun/javafx/scene/control/skin/VirtualFlow$2
instanceKlass com/sun/javafx/scene/control/skin/VirtualFlow$$Lambda$893
instanceKlass com/sun/javafx/scene/control/skin/VirtualFlow$$Lambda$892
instanceKlass com/sun/javafx/scene/control/skin/VirtualFlow$$Lambda$891
instanceKlass com/sun/javafx/scene/control/skin/VirtualFlow$ClippedContainer$$Lambda$890
instanceKlass com/sun/javafx/scene/control/skin/VirtualFlow$ClippedContainer$$Lambda$889
instanceKlass com/sun/javafx/scene/control/skin/VirtualScrollBar$$Lambda$888
instanceKlass com/sun/javafx/scene/control/behavior/TableViewBehavior$$Lambda$887
instanceKlass com/sun/javafx/scene/control/behavior/TableViewBehaviorBase$$Lambda$886
instanceKlass com/sun/javafx/scene/control/SizeLimitedList
instanceKlass com/sun/javafx/scene/control/behavior/KeyBinding$1
instanceKlass com/sun/javafx/scene/control/skin/TableViewSkinBase$$Lambda$885
instanceKlass bluej/debugmgr/inspector/Inspector$$Lambda$884
instanceKlass bluej/debugmgr/inspector/Inspector$$Lambda$883
instanceKlass com/sun/javafx/collections/MappingChange$1
instanceKlass javafx/scene/control/TableView$StyleableProperties
instanceKlass bluej/debugmgr/inspector/ObjectInspector$$Lambda$882
instanceKlass bluej/debugmgr/inspector/Inspector$$Lambda$881
instanceKlass bluej/debugmgr/inspector/Inspector$$Lambda$880
instanceKlass bluej/debugmgr/inspector/Inspector$$Lambda$879
instanceKlass bluej/debugger/jdi/JdiReflective$StringIterator
instanceKlass bluej/debugmgr/inspector/FieldInfo
instanceKlass bluej/debugger/DebuggerField
instanceKlass bluej/debugmgr/inspector/Inspector$$Lambda$878
instanceKlass bluej/debugmgr/inspector/Inspector$$Lambda$877
instanceKlass bluej/debugmgr/inspector/Inspector$$Lambda$876
instanceKlass bluej/debugmgr/inspector/FieldList$$Lambda$875
instanceKlass bluej/debugmgr/inspector/FieldList$$Lambda$874
instanceKlass bluej/debugmgr/inspector/FieldList$$Lambda$873
instanceKlass bluej/debugmgr/inspector/FieldList$$Lambda$872
instanceKlass javafx/scene/control/TableColumn$CellDataFeatures
instanceKlass javafx/scene/control/TableColumn$$Lambda$871
instanceKlass javafx/scene/control/TableColumn$$Lambda$870
instanceKlass javafx/scene/control/TableColumn$$Lambda$869
instanceKlass javafx/scene/control/TableColumn$1
instanceKlass javafx/scene/control/TableColumnBase$$Lambda$868
instanceKlass bluej/debugmgr/inspector/FieldList$$Lambda$867
instanceKlass bluej/utility/javafx/JavaFXUtil$$Lambda$866
instanceKlass bluej/debugmgr/inspector/FieldList$$Lambda$865
instanceKlass java/lang/invoke/LambdaForm$DMH
instanceKlass javafx/scene/control/TableUtil
instanceKlass javafx/scene/control/TableView$4
instanceKlass javafx/scene/control/TableView$$Lambda$864
instanceKlass javafx/scene/control/TableView$TableViewFocusModel$1
instanceKlass javafx/scene/control/TableView$TableViewFocusModel$$Lambda$863
instanceKlass javafx/scene/control/FocusModel$$Lambda$862
instanceKlass javafx/scene/control/FocusModel
instanceKlass java/lang/invoke/LambdaForm$MH
instanceKlass javafx/scene/control/TableView$TableViewArrayListSelectionModel$$Lambda$861
instanceKlass com/sun/javafx/scene/control/SelectedCellsMap$$Lambda$860
instanceKlass javafx/collections/transformation/SortedList$ElementComparator
instanceKlass javafx/collections/transformation/SortedList$Element
instanceKlass com/sun/javafx/collections/SortHelper
instanceKlass javafx/collections/transformation/TransformationList$$Lambda$859
instanceKlass com/sun/javafx/scene/control/SelectedCellsMap$$Lambda$858
instanceKlass javafx/scene/control/TableView$TableViewArrayListSelectionModel$$Lambda$857
instanceKlass javafx/scene/control/TableView$TableViewArrayListSelectionModel$1
instanceKlass javafx/scene/control/TableView$TableViewArrayListSelectionModel$$Lambda$856
instanceKlass javafx/scene/control/TableView$TableViewArrayListSelectionModel$$Lambda$855
instanceKlass javafx/scene/control/TableView$TableViewArrayListSelectionModel$$Lambda$854
instanceKlass javafx/scene/control/MultipleSelectionModelBase$1
instanceKlass javafx/scene/control/MultipleSelectionModelBase$$Lambda$853
instanceKlass com/sun/javafx/collections/MappingChange$Map
instanceKlass javafx/scene/control/MultipleSelectionModelBase$$Lambda$852
instanceKlass javafx/scene/control/TablePositionBase
instanceKlass com/sun/javafx/scene/control/SelectedCellsMap
instanceKlass com/sun/javafx/scene/control/ReadOnlyUnbackedObservableList
instanceKlass javafx/scene/control/TableView$$Lambda$851
instanceKlass javafx/scene/control/TableView$$Lambda$850
instanceKlass javafx/scene/control/TableView$$Lambda$849
instanceKlass javafx/scene/control/TableView$$Lambda$848
instanceKlass javafx/scene/control/TableView$$Lambda$847
instanceKlass javafx/scene/control/TableView$5
instanceKlass javafx/scene/control/TableView$3
instanceKlass javafx/scene/control/ResizeFeaturesBase
instanceKlass javafx/scene/control/TableView$2
instanceKlass javafx/scene/control/TableView$1
instanceKlass bluej/debugmgr/inspector/Inspector$ResizeListener
instanceKlass bluej/debugmgr/inspector/Inspector$$Lambda$846
instanceKlass bluej/debugmgr/inspector/Inspector$$Lambda$845
instanceKlass java/lang/invoke/LambdaForm$MH
instanceKlass bluej/debugmgr/inspector/Inspector$$Lambda$844
instanceKlass java/lang/invoke/LambdaForm$MH
instanceKlass bluej/debugmgr/objectbench/ObjectWrapper$$Lambda$843
instanceKlass com/sun/javafx/scene/control/skin/ContextMenuContent$3
instanceKlass com/sun/javafx/scene/control/skin/ContextMenuSkin$5
instanceKlass com/sun/tools/javac/parser/Tokens$1
instanceKlass com/sun/tools/javac/util/JCDiagnostic$SimpleDiagnosticPosition
instanceKlass java/lang/invoke/LambdaForm$MH
instanceKlass bluej/editor/moe/MoeSyntaxDocument$$Lambda$842
instanceKlass com/sun/tools/jdi/SDE$Stratum
instanceKlass com/sun/tools/jdi/JDWP$ReferenceType$SourceDebugExtension
instanceKlass com/sun/tools/jdi/JDWP$VirtualMachine$CapabilitiesNew
instanceKlass com/sun/tools/jdi/JDWP$ClassObjectReference$ReflectedType
instanceKlass java/lang/invoke/LambdaForm$MH
instanceKlass bluej/pkgmgr/PkgMgrFrame$$Lambda$841
instanceKlass java/lang/invoke/LambdaForm$MH
instanceKlass bluej/pkgmgr/PkgMgrFrame$$Lambda$840
instanceKlass java/lang/invoke/LambdaForm$MH
instanceKlass sun/awt/datatransfer/SunClipboard$$Lambda$839
instanceKlass bluej/pkgmgr/Package$$Lambda$838
instanceKlass bluej/pkgmgr/target/role/ClassRole$$Lambda$837
instanceKlass bluej/pkgmgr/target/ClassTarget$SourceFileInfo
instanceKlass bluej/pkgmgr/target/ClassTarget$InnerClassFileFilter
instanceKlass bluej/pkgmgr/target/ClassTarget$RemoveAction$$Lambda$836
instanceKlass bluej/utility/DialogManager$$Lambda$835
instanceKlass com/sun/glass/ui/EventLoop
instanceKlass javafx/scene/control/Alert$$Lambda$834
instanceKlass javafx/scene/layout/ConstraintsBase
instanceKlass javafx/scene/control/Alert$2
instanceKlass javafx/scene/control/Alert$$Lambda$833
instanceKlass javafx/scene/control/Alert$$Lambda$832
instanceKlass javafx/scene/control/Alert$$Lambda$831
instanceKlass bluej/utility/BlueJFileReader
instanceKlass bluej/utility/DialogManager$MessageAndButtons
instanceKlass bluej/pkgmgr/target/ClassTarget$RemoveAction$$Lambda$830
instanceKlass bluej/pkgmgr/target/ClassTarget$RemoveAction$$Lambda$829
instanceKlass bluej/pkgmgr/Project$$Lambda$828
instanceKlass com/sun/javafx/scene/control/skin/TabPaneSkin$$Lambda$827
instanceKlass bluej/editor/stride/FXTabbedEditor$$Lambda$826
instanceKlass bluej/editor/stride/FrameCatalogue$$Lambda$825
instanceKlass bluej/editor/stride/FrameCatalogue$Hint
instanceKlass java/lang/invoke/LambdaForm$MH
instanceKlass bluej/editor/stride/FrameCatalogue$$Lambda$824
instanceKlass java/lang/invoke/LambdaForm$DMH
instanceKlass bluej/editor/stride/FrameCatalogue$Updater
instanceKlass java/lang/invoke/LambdaForm$MH
instanceKlass java/lang/invoke/LambdaForm$DMH
instanceKlass java/lang/invoke/LambdaForm$DMH
instanceKlass bluej/editor/stride/FrameCatalogue$$Lambda$823
instanceKlass java/lang/invoke/LambdaForm$DMH
instanceKlass bluej/editor/stride/FXTabbedEditor$$Lambda$822
instanceKlass javafx/embed/swing/SwingNode$$Lambda$821
instanceKlass com/sun/javafx/scene/control/skin/TabPaneSkin$$Lambda$820
instanceKlass bluej/pkgmgr/target/role/ClassRole$$Lambda$819
instanceKlass bluej/utility/JavaUtils14
instanceKlass java/lang/reflect/GenericArrayType
instanceKlass ea/Farbe
instanceKlass ea/StehReagierbar
instanceKlass ea/FallReagierbar
instanceKlass ea/Leuchtend
instanceKlass ea/Vektor
instanceKlass ea/BoundingRechteck
instanceKlass ea/internal/gra/PixelFeld
instanceKlass ea/Punkt
instanceKlass ea/Manager
instanceKlass ea/AnimationsEndeReagierbar
instanceKlass ea/LeuchtMacher
instanceKlass ea/Ticker
instanceKlass ea/internal/collision/Collider
instanceKlass ea/internal/phy/PhysikClient
instanceKlass ea/Raum
instanceKlass com/sun/glass/events/KeyEvent
instanceKlass java/io/ObjectOutputStream$ReplaceTable
instanceKlass java/io/ObjectOutputStream$HandleTable
instanceKlass java/rmi/MarshalledObject
instanceKlass java/rmi/Remote
instanceKlass sun/awt/datatransfer/DataTransferer$RMI
instanceKlass sun/awt/datatransfer/DataTransferer$IndexedComparator
instanceKlass sun/awt/datatransfer/DataTransferer$StandardEncodingsHolder
instanceKlass java/awt/datatransfer/SystemFlavorMap$2
instanceKlass java/awt/datatransfer/SystemFlavorMap$1
instanceKlass sun/awt/Mutex
instanceKlass sun/awt/datatransfer/ToolkitThreadBlockedHandler
instanceKlass sun/awt/datatransfer/DataTransferer
instanceKlass sun/awt/datatransfer/TransferableProxy
instanceKlass java/awt/datatransfer/MimeType
instanceKlass java/awt/datatransfer/MimeTypeParameterList
instanceKlass java/awt/datatransfer/DataFlavor
instanceKlass javax/swing/plaf/basic/BasicTransferable
instanceKlass java/awt/datatransfer/Clipboard
instanceKlass javax/swing/TransferHandler$TransferAction$2
instanceKlass javax/swing/TransferHandler$TransferAction$1
instanceKlass bluej/editor/moe/MoeSyntaxEvent$NodeChangeRecord
instanceKlass com/sun/javafx/font/directwrite/DWRITE_MATRIX
instanceKlass com/sun/scenario/effect/impl/state/RenderState$3
instanceKlass com/sun/scenario/effect/impl/state/RenderState$2
instanceKlass com/sun/scenario/effect/impl/state/RenderState$1
instanceKlass bluej/utility/javafx/JavaFXUtil$$Lambda$818
instanceKlass bluej/utility/javafx/JavaFXUtil$9
instanceKlass bluej/debugmgr/objectbench/ObjectWrapper$$Lambda$817
instanceKlass bluej/extensions/BObject
instanceKlass bluej/debugmgr/inspector/ObjectBackground$$Lambda$816
instanceKlass bluej/debugmgr/inspector/ObjectBackground$$Lambda$815
instanceKlass bluej/debugmgr/inspector/ObjectBackground$$Lambda$814
instanceKlass bluej/debugmgr/objectbench/ObjectWrapper$$Lambda$813
instanceKlass bluej/debugmgr/objectbench/ObjectWrapper$$Lambda$812
instanceKlass bluej/debugmgr/objectbench/ObjectWrapper$$Lambda$811
instanceKlass bluej/debugmgr/objectbench/ObjectWrapper$$Lambda$810
instanceKlass bluej/extmgr/ObjectExtensionMenu
instanceKlass bluej/debugmgr/objectbench/ObjectWrapper$$Lambda$809
instanceKlass bluej/debugmgr/objectbench/ObjectWrapper$$Lambda$808
instanceKlass bluej/debugmgr/objectbench/ObjectWrapper$$Lambda$807
instanceKlass bluej/debugmgr/objectbench/ObjectWrapper$$Lambda$806
instanceKlass bluej/debugmgr/objectbench/ObjectWrapper$$Lambda$805
instanceKlass java/lang/invoke/LambdaForm$MH
instanceKlass bluej/debugmgr/objectbench/ObjectWrapper$$Lambda$804
instanceKlass com/sun/tools/jdi/JDWP$ReferenceType$Modifiers
instanceKlass bluej/debugger/jdi/JdiUtils
instanceKlass java/lang/invoke/LambdaForm$MH
instanceKlass bluej/debugmgr/objectbench/ObjectBench$$Lambda$803
instanceKlass java/lang/invoke/LambdaForm$MH
instanceKlass bluej/debugmgr/objectbench/ObjectWrapper$$Lambda$802
instanceKlass bluej/pkgmgr/PkgMgrFrame$5$$Lambda$801
instanceKlass bluej/runtime/Shell
instanceKlass com/sun/tools/javac/code/TypeAnnotationPosition$TypePathEntry
instanceKlass bluej/editor/moe/MoeEditor$$Lambda$800
instanceKlass bluej/editor/moe/MoeEditor$ErrorDisplay$1
instanceKlass bluej/editor/moe/ParserMessageHandler
instanceKlass java/lang/invoke/LambdaForm$MH
instanceKlass java/lang/invoke/LambdaForm$DMH
instanceKlass java/lang/invoke/LambdaForm$DMH
instanceKlass bluej/editor/moe/MoeEditor$$Lambda$799
instanceKlass java/lang/invoke/LambdaForm$DMH
instanceKlass bluej/collect/DiagnosticWithShown
instanceKlass bluej/pkgmgr/Package$3
instanceKlass bluej/editor/moe/MoeErrorManager$$Lambda$798
instanceKlass java/lang/invoke/LambdaForm$MH
instanceKlass bluej/editor/moe/MoeSquigglyUnderlineHighlighterPainter
instanceKlass bluej/pkgmgr/target/ClassTarget$$Lambda$797
instanceKlass com/sun/tools/javac/util/JCDiagnostic$SourcePosition
instanceKlass com/sun/tools/javac/api/ClientCodeWrapper$WrappedFileObject
instanceKlass com/sun/tools/javac/api/ClientCodeWrapper$DiagnosticSourceUnwrapper
instanceKlass com/sun/tools/javac/util/Log$2
instanceKlass com/sun/tools/javac/util/JCDiagnostic$1
instanceKlass com/sun/tools/javac/comp/Resolve$15
instanceKlass com/sun/tools/javac/code/Kinds
instanceKlass bluej/terminal/Terminal$$Lambda$796
instanceKlass sun/security/ssl/SecureKey
instanceKlass bluej/debugger/jdi/JdiDebugger$3
instanceKlass bluej/pkgmgr/Project$$Lambda$795
instanceKlass bluej/pkgmgr/PkgMgrFrame$5$$Lambda$794
instanceKlass bluej/extensions/event/InvocationListener
instanceKlass bluej/debugmgr/ExecutionEvent
instanceKlass bluej/debugmgr/Invoker$3$1
instanceKlass bluej/debugger/DebuggerResult
instanceKlass bluej/debugger/ExceptionDescription
instanceKlass bluej/terminal/Terminal$$Lambda$793
instanceKlass bluej/terminal/ExceptionSourceLocation
instanceKlass bluej/pkgmgr/Package$$Lambda$792
instanceKlass bluej/debugger/SourceLocation
instanceKlass com/sun/tools/jdi/JDWP$StringReference$Value
instanceKlass com/sun/tools/jdi/JDWP$ArrayReference$GetValues
instanceKlass com/sun/tools/jdi/JDWP$ArrayReference$Length
instanceKlass com/sun/tools/jdi/JDWP$ObjectReference$InvokeMethod
instanceKlass com/sun/tools/jdi/ObjectReferenceImpl$1
instanceKlass javax/swing/plaf/basic/BasicSplitPaneUI$Handler
instanceKlass javax/swing/plaf/basic/BasicSplitPaneUI$BasicHorizontalLayoutManager
instanceKlass javax/swing/plaf/basic/BasicBorders$SplitPaneDividerBorder
instanceKlass javax/swing/plaf/basic/BasicSplitPaneDivider$DividerLayout
instanceKlass javax/swing/plaf/basic/BasicBorders$SplitPaneBorder
instanceKlass com/sun/tools/jdi/JDWP$ObjectReference$GetValues
instanceKlass com/sun/tools/jdi/JDWP$ObjectReference$GetValues$Field
instanceKlass bluej/terminal/Terminal$$Lambda$791
instanceKlass bluej/terminal/Terminal$TerminalWriter$1
instanceKlass bluej/debugmgr/Invoker$3$$Lambda$790
instanceKlass bluej/pkgmgr/PkgMgrFrame$$Lambda$789
instanceKlass com/sun/javafx/scene/traversal/ContainerTabOrder$1
instanceKlass bluej/debugmgr/Invoker$$Lambda$788
instanceKlass bluej/debugmgr/ConstructorDialog$$Lambda$787
instanceKlass bluej/utility/javafx/dialog/DialogPaneAnimateError$$Lambda$786
instanceKlass bluej/debugmgr/ConstructorDialog$$Lambda$785
instanceKlass bluej/debugmgr/ConstructorDialog$$Lambda$784
instanceKlass bluej/utility/javafx/dialog/DialogPaneAnimateError$$Lambda$783
instanceKlass javafx/scene/control/TextInputControl$TextInputControlFromatterAccessor
instanceKlass javafx/scene/control/TextFormatter$Change
instanceKlass javafx/scene/layout/Region$$Lambda$782
instanceKlass java/lang/invoke/LambdaForm$DMH
instanceKlass javafx/scene/layout/HBox$$Lambda$781
instanceKlass com/sun/javafx/tk/FontMetrics
instanceKlass com/sun/javafx/font/PrismFontUtils
instanceKlass javafx/scene/text/TextFlow$EmbeddedSpan
instanceKlass javafx/scene/text/Text$1
instanceKlass com/sun/javafx/scene/control/skin/TextFieldSkin$8
instanceKlass com/sun/javafx/scene/control/skin/TextInputControlSkin$StyleableProperties
instanceKlass com/sun/javafx/scene/control/skin/TextFieldSkin$$Lambda$780
instanceKlass com/sun/javafx/scene/control/skin/TextFieldSkin$$Lambda$779
instanceKlass com/sun/javafx/scene/control/skin/TextFieldSkin$$Lambda$778
instanceKlass com/sun/javafx/scene/control/skin/TextFieldSkin$$Lambda$777
instanceKlass com/sun/javafx/scene/control/skin/TextFieldSkin$$Lambda$776
instanceKlass com/sun/javafx/scene/control/skin/TextFieldSkin$$Lambda$775
instanceKlass com/sun/javafx/scene/control/skin/TextFieldSkin$$Lambda$774
instanceKlass com/sun/javafx/scene/control/skin/TextFieldSkin$$Lambda$773
instanceKlass com/sun/javafx/scene/control/skin/TextFieldSkin$$Lambda$772
instanceKlass com/sun/javafx/scene/control/skin/TextFieldSkin$$Lambda$771
instanceKlass com/sun/javafx/scene/control/skin/TextInputControlSkin$11
instanceKlass com/sun/javafx/scene/control/skin/TextInputControlSkin$$Lambda$770
instanceKlass com/sun/javafx/scene/control/skin/TextInputControlSkin$ContextMenuItem$$Lambda$769
instanceKlass com/sun/javafx/scene/control/skin/TextInputControlSkin$CaretBlinking$$Lambda$768
instanceKlass com/sun/javafx/scene/control/skin/TextInputControlSkin$CaretBlinking$$Lambda$767
instanceKlass com/sun/javafx/scene/control/skin/TextInputControlSkin$CaretBlinking
instanceKlass com/sun/javafx/scene/control/behavior/TextFieldBehavior$$Lambda$766
instanceKlass com/sun/javafx/scene/control/behavior/TextFieldBehavior$$Lambda$765
instanceKlass com/sun/javafx/scene/control/behavior/TextFieldBehavior$$Lambda$764
instanceKlass com/sun/javafx/scene/control/behavior/TextInputControlBehavior$$Lambda$763
instanceKlass com/sun/javafx/scene/control/behavior/TextInputControlBindings
instanceKlass com/sun/javafx/scene/control/skin/TextInputControlSkin$$Lambda$762
instanceKlass bluej/debugmgr/ConstructorDialog$$Lambda$761
instanceKlass javafx/scene/text/TextFlow$StyleableProperties
instanceKlass javafx/scene/text/TextFlow$$Lambda$760
instanceKlass bluej/debugmgr/CallDialog$$Lambda$759
instanceKlass javafx/scene/control/TextInputControl$StyleableProperties
instanceKlass javafx/scene/control/TextField$StyleableProperties
instanceKlass bluej/debugmgr/CallDialog$$Lambda$758
instanceKlass bluej/utility/javafx/dialog/DialogPaneAnimateError$$Lambda$757
instanceKlass bluej/utility/javafx/dialog/DialogPaneAnimateError$$Lambda$756
instanceKlass bluej/debugmgr/CallDialog$$Lambda$755
instanceKlass bluej/views/TypeParamView
instanceKlass bluej/debugmgr/ConstructorDialog$$Lambda$754
instanceKlass javafx/scene/control/TextInputControl$$Lambda$753
instanceKlass javafx/beans/property/IntegerPropertyBase$Listener
instanceKlass javafx/scene/control/TextInputControl$$Lambda$752
instanceKlass javafx/scene/control/TextInputControl$UndoRedoChange
instanceKlass javafx/scene/control/IndexRange
instanceKlass javafx/scene/control/TextField$TextFieldContent
instanceKlass javafx/scene/control/TextInputControl$Content
instanceKlass com/sun/javafx/scene/control/FormatterAccessor
instanceKlass com/sun/javafx/binding/ContentBinding$ListContentBinding
instanceKlass com/sun/javafx/binding/ContentBinding
instanceKlass bluej/debugmgr/Invoker$$Lambda$751
instanceKlass bluej/debugmgr/Invoker$2
instanceKlass bluej/debugmgr/Invoker$CleverQualifyTypeNameTransform
instanceKlass bluej/debugmgr/Invoker$$Lambda$750
instanceKlass bluej/debugmgr/objectbench/ObjectBenchListener
instanceKlass bluej/debugmgr/InvokerCompiler
instanceKlass bluej/debugmgr/Invoker
instanceKlass bluej/pkgmgr/PkgMgrFrame$5
instanceKlass bluej/pkgmgr/target/role/ClassRole$$Lambda$749
instanceKlass java/lang/invoke/LambdaForm$MH
instanceKlass bluej/extmgr/FXMenuManager$$Lambda$748
instanceKlass bluej/utility/javafx/JavaFXUtil$$Lambda$747
instanceKlass bluej/utility/javafx/JavaFXUtil$$Lambda$746
instanceKlass bluej/pkgmgr/target/ClassTarget$$Lambda$745
instanceKlass bluej/utility/javafx/JavaFXUtil$$Lambda$744
instanceKlass bluej/utility/javafx/JavaFXUtil$$Lambda$743
instanceKlass bluej/extmgr/FXMenuManager$$Lambda$742
instanceKlass bluej/pkgmgr/target/ClassTarget$$Lambda$741
instanceKlass bluej/extmgr/FXMenuManager$$Lambda$740
instanceKlass bluej/extmgr/ClassExtensionMenu
instanceKlass bluej/pkgmgr/target/ClassTarget$ConvertToStrideAction$$Lambda$739
instanceKlass bluej/pkgmgr/target/ClassTarget$RemoveAction$$Lambda$738
instanceKlass bluej/pkgmgr/target/ClassTarget$InspectAction$$Lambda$737
instanceKlass bluej/pkgmgr/target/ClassTarget$CompileAction$$Lambda$736
instanceKlass bluej/pkgmgr/target/ClassTarget$EditAction$$Lambda$735
instanceKlass bluej/pkgmgr/target/role/ClassRole$$Lambda$734
instanceKlass bluej/views/Comment
instanceKlass bluej/views/CommentList
instanceKlass sun/reflect/generics/reflectiveObjects/ParameterizedTypeImpl
instanceKlass java/lang/reflect/ParameterizedType
instanceKlass sun/reflect/generics/reflectiveObjects/LazyReflectiveObjectGenerator
instanceKlass java/lang/reflect/WildcardType
instanceKlass sun/reflect/generics/visitor/Reifier
instanceKlass sun/reflect/generics/visitor/TypeTreeVisitor
instanceKlass sun/reflect/generics/tree/MethodTypeSignature
instanceKlass sun/reflect/generics/tree/Wildcard
instanceKlass sun/reflect/generics/tree/BottomSignature
instanceKlass sun/reflect/generics/factory/CoreReflectionFactory
instanceKlass sun/reflect/generics/factory/GenericsFactory
instanceKlass sun/reflect/generics/scope/AbstractScope
instanceKlass sun/reflect/generics/scope/Scope
instanceKlass bluej/views/View$ElementComparer
instanceKlass bluej/views/View$MemberElement
instanceKlass bluej/views/ViewFilter
instanceKlass bluej/pkgmgr/target/ClassTarget$$Lambda$733
instanceKlass java/lang/invoke/LambdaForm$DMH
instanceKlass java/lang/invoke/LambdaForm$MH
instanceKlass java/lang/invoke/LambdaForm$DMH
instanceKlass java/lang/invoke/LambdaForm$DMH
instanceKlass bluej/pkgmgr/target/ClassTarget$$Lambda$732
instanceKlass java/lang/invoke/LambdaForm$DMH
instanceKlass com/sun/javafx/tk/quantum/GlassViewEventHandler$$Lambda$731
instanceKlass com/sun/javafx/tk/quantum/GlassViewEventHandler$$Lambda$730
instanceKlass java/lang/invoke/LambdaForm$MH
instanceKlass bluej/pkgmgr/target/ClassTarget$$Lambda$729
instanceKlass bluej/editor/moe/MoeHighlighter$MoeHighlight
instanceKlass com/sun/javafx/scene/control/skin/MenuBarSkin$6
instanceKlass bluej/editor/stride/FXTabbedEditor$2
instanceKlass bluej/editor/moe/MoeSyntaxDocument$PendingError
instanceKlass javafx/scene/input/KeyCombination$2
instanceKlass bluej/parser/nodes/NodeTree$NodeTreeIterator
instanceKlass java/lang/invoke/LambdaForm$MH
instanceKlass bluej/pkgmgr/PackageEditor$$Lambda$728
instanceKlass com/sun/javafx/geom/DirtyRegionPool$PoolItem
instanceKlass com/sun/javafx/tk/quantum/QuantumToolkit$$Lambda$727
instanceKlass com/sun/javafx/tk/quantum/QuantumToolkit$5
instanceKlass com/sun/javafx/tk/Toolkit$ImageRenderingContext
instanceKlass bluej/editor/moe/MoeIndent$DocumentAction
instanceKlass javafx/scene/SnapshotParameters
instanceKlass bluej/editor/moe/MoeIndent$IndentCalculator
instanceKlass bluej/editor/moe/MoeIndent
instanceKlass com/sun/javafx/tk/quantum/QuantumToolkit$QuantumImage
instanceKlass com/sun/prism/ResourceFactoryListener
instanceKlass javafx/scene/image/WritableImage$1
instanceKlass com/sun/javafx/tk/Toolkit$WritableImageAccessor
instanceKlass bluej/pkgmgr/target/ClassTarget$$Lambda$726
instanceKlass bluej/pkgmgr/Project$$Lambda$725
instanceKlass javafx/scene/input/KeyEvent$2
instanceKlass java/lang/invoke/LambdaForm$MH
instanceKlass java/lang/invoke/LambdaForm$DMH
instanceKlass java/lang/invoke/LambdaForm$DMH
instanceKlass com/sun/javafx/tk/quantum/GlassSceneDnDEventHandler$$Lambda$724
instanceKlass java/lang/invoke/LambdaForm$MH
instanceKlass java/lang/invoke/LambdaForm$DMH
instanceKlass java/lang/invoke/LambdaForm$DMH
instanceKlass com/sun/javafx/tk/quantum/GlassViewEventHandler$$Lambda$723
instanceKlass bluej/editor/moe/MoeErrorManager$$Lambda$722
instanceKlass java/lang/invoke/LambdaForm$MH
instanceKlass bluej/editor/moe/MoeErrorManager$$Lambda$721
instanceKlass com/sun/javafx/tk/quantum/GlassViewEventHandler$$Lambda$720
instanceKlass java/lang/invoke/LambdaForm$MH
instanceKlass java/lang/invoke/LambdaForm$DMH
instanceKlass java/lang/invoke/LambdaForm$DMH
instanceKlass com/sun/javafx/tk/quantum/GlassViewEventHandler$$Lambda$719
instanceKlass java/lang/invoke/LambdaForm$DMH
instanceKlass bluej/editor/moe/MoeEditor$$Lambda$718
instanceKlass bluej/editor/stride/MoeFXTab$$Lambda$717
instanceKlass bluej/editor/moe/Token
instanceKlass java/util/LinkedList$DescendingIterator
instanceKlass sun/java2d/pipe/AlphaPaintPipe$TileContext
instanceKlass java/awt/ColorPaintContext
instanceKlass java/awt/PaintContext
instanceKlass java/awt/geom/Line2D
instanceKlass java/awt/geom/ArcIterator
instanceKlass bluej/editor/moe/BlueJSyntaxView$DrawInfo
instanceKlass bluej/editor/moe/BlueJSyntaxView$ThreeLines
instanceKlass java/lang/invoke/LambdaForm$MH
instanceKlass java/lang/invoke/LambdaForm$DMH
instanceKlass java/lang/invoke/LambdaForm$DMH
instanceKlass bluej/editor/stride/FXTabbedEditor$$Lambda$716
instanceKlass java/lang/invoke/LambdaForm$DMH
instanceKlass java/util/stream/MatchOps$$Lambda$715
instanceKlass java/util/stream/MatchOps$BooleanTerminalSink
instanceKlass java/util/stream/MatchOps$MatchOp
instanceKlass java/util/stream/MatchOps
instanceKlass bluej/pkgmgr/PackageEditor$$Lambda$714
instanceKlass java/awt/KeyboardFocusManager$4
instanceKlass bluej/editor/moe/MoeEditor$$Lambda$713
instanceKlass bluej/editor/moe/MoeEditor$$Lambda$712
instanceKlass bluej/editor/stride/FXTabbedEditor$$Lambda$711
instanceKlass com/sun/javafx/scene/control/skin/TabPaneSkin$3
instanceKlass com/sun/javafx/font/FallbackResource
instanceKlass com/sun/javafx/scene/control/skin/TabPaneSkin$StyleableProperties
instanceKlass com/sun/javafx/scene/control/skin/TabPaneSkin$$Lambda$710
instanceKlass com/sun/javafx/scene/control/skin/TabPaneSkin$TabHeaderArea$$Lambda$709
instanceKlass com/sun/javafx/scene/control/skin/TabPaneSkin$TabControlButtons$$Lambda$708
instanceKlass com/sun/javafx/scene/control/skin/TabPaneSkin$TabControlButtons$$Lambda$707
instanceKlass com/sun/javafx/scene/control/skin/TabPaneSkin$TabControlButtons$$Lambda$706
instanceKlass com/sun/javafx/scene/control/skin/TabPaneSkin$TabMenuItem$1
instanceKlass javafx/scene/control/ToggleGroup
instanceKlass com/sun/javafx/scene/control/skin/TabPaneSkin$TabControlButtons$$Lambda$705
instanceKlass com/sun/javafx/scene/control/skin/TabPaneSkin$TabHeaderSkin$5
instanceKlass com/sun/javafx/scene/control/skin/TabPaneSkin$TabHeaderSkin$$Lambda$704
instanceKlass com/sun/javafx/scene/control/skin/TabPaneSkin$TabHeaderSkin$3
instanceKlass javafx/scene/Node$AccessibilityProperties
instanceKlass com/sun/javafx/scene/control/skin/TabPaneSkin$TabHeaderSkin$1
instanceKlass com/sun/javafx/scene/control/skin/TabPaneSkin$TabHeaderSkin$$Lambda$703
instanceKlass com/sun/javafx/scene/control/skin/TabPaneSkin$TabContentRegion$1
instanceKlass com/sun/javafx/scene/control/skin/TabPaneSkin$TabContentRegion$$Lambda$702
instanceKlass bluej/editor/stride/MoeFXTab$$Lambda$701
instanceKlass bluej/pkgmgr/PackageEditor$$Lambda$700
instanceKlass bluej/editor/stride/FXTabbedEditor$$Lambda$699
instanceKlass bluej/editor/stride/MoeFXTab$$Lambda$698
instanceKlass bluej/editor/stride/MoeFXTab$$Lambda$697
instanceKlass java/lang/invoke/LambdaForm$MH
instanceKlass bluej/editor/moe/MoeEditor$$Lambda$696
instanceKlass bluej/editor/moe/MoeEditor$$Lambda$695
instanceKlass bluej/editor/moe/TextUtilities
instanceKlass bluej/pkgmgr/target/ClassTarget$$Lambda$694
instanceKlass bluej/utility/javafx/JavaFXUtil$$Lambda$693
instanceKlass bluej/pkgmgr/PackageEditor$$Lambda$692
instanceKlass javafx/scene/input/MouseEvent$1
instanceKlass bluej/pkgmgr/PkgMgrFrame$$Lambda$691
instanceKlass com/sun/tools/javac/parser/JavaTokenizer$BasicComment
instanceKlass com/sun/tools/javac/code/Types$MembersClosureCache$MembersScope$1
instanceKlass com/sun/tools/javac/code/TypeAnnotations$3
instanceKlass com/sun/tools/javac/code/TypeAnnotationPosition
instanceKlass com/sun/tools/javac/comp/Annotate$AnnotateRepeatedContext
instanceKlass com/sun/tools/javac/comp/MemberEnter$6
instanceKlass com/sun/tools/javac/comp/MemberEnter$5
instanceKlass bluej/pkgmgr/Package$QuietPackageCompileObserver$$Lambda$690
instanceKlass bluej/pkgmgr/Package$QuietPackageCompileObserver$$Lambda$689
instanceKlass java/lang/reflect/TypeVariable
instanceKlass sun/reflect/generics/tree/ClassSignature
instanceKlass sun/reflect/generics/tree/Signature
instanceKlass sun/reflect/generics/tree/ClassTypeSignature
instanceKlass sun/reflect/generics/tree/SimpleClassTypeSignature
instanceKlass sun/reflect/generics/tree/FieldTypeSignature
instanceKlass sun/reflect/generics/tree/BaseType
instanceKlass sun/reflect/generics/tree/TypeSignature
instanceKlass sun/reflect/generics/tree/ReturnType
instanceKlass sun/reflect/generics/tree/TypeArgument
instanceKlass sun/reflect/generics/tree/FormalTypeParameter
instanceKlass sun/reflect/generics/tree/TypeTree
instanceKlass sun/reflect/generics/tree/Tree
instanceKlass sun/reflect/generics/parser/SignatureParser
instanceKlass bluej/debugger/gentype/FieldReflective
instanceKlass bluej/parser/ImportsCollection$$Lambda$688
instanceKlass bluej/parser/ImportsCollection$$Lambda$687
instanceKlass bluej/parser/InfoParser$UnresolvedVal
instanceKlass bluej/parser/InfoParser$MethodDesc
instanceKlass bluej/parser/symtab/ClassInfo$SavedComment
instanceKlass com/sun/tools/javac/jvm/ClassFile$NameAndType
instanceKlass com/sun/tools/javac/jvm/ClassWriter$1
instanceKlass javax/tools/StandardLocation$2
instanceKlass com/sun/tools/javac/jvm/Code$Chain
instanceKlass com/sun/tools/javac/jvm/ClassWriter$StackMapTableFrame
instanceKlass com/sun/tools/javac/jvm/Code$StackMapFrame
instanceKlass com/sun/tools/javac/code/Types$UniqueType
instanceKlass com/sun/tools/javac/model/FilteredMemberList$1
instanceKlass com/sun/tools/javac/jvm/Code$LocalVar$Range
instanceKlass com/sun/tools/javac/jvm/Items
instanceKlass com/sun/tools/javac/jvm/Code$LocalVar
instanceKlass com/sun/tools/javac/jvm/Code$State
instanceKlass com/sun/tools/javac/jvm/Code$1
instanceKlass com/sun/tools/javac/jvm/Code
instanceKlass com/sun/tools/javac/jvm/Gen$GenContext
instanceKlass com/sun/tools/javac/jvm/Gen$3
instanceKlass com/sun/tools/javac/tree/TreeMaker$1
instanceKlass com/sun/tools/javac/comp/Lower$7
instanceKlass com/sun/tools/javac/comp/Flow$2
instanceKlass com/sun/tools/javac/util/Bits$1
instanceKlass com/sun/tools/javac/util/Bits
instanceKlass com/sun/tools/javac/comp/Flow$BaseAnalyzer$PendingExit
instanceKlass com/sun/tools/javac/comp/Resolve$MostSpecificCheck
instanceKlass com/sun/tools/javac/code/Flags
instanceKlass com/sun/tools/javac/comp/Resolve$MethodCheckContext
instanceKlass com/sun/tools/javac/comp/Resolve$MethodResolutionContext$Candidate
instanceKlass com/sun/tools/javac/comp/Resolve$LookupFilter
instanceKlass com/sun/tools/javac/comp/Resolve$5$1
instanceKlass com/sun/tools/javac/comp/Resolve$5
instanceKlass com/sun/tools/javac/comp/Resolve$MethodResolutionContext
instanceKlass com/sun/tools/javac/comp/DeferredAttr$DeferredChecker$3
instanceKlass com/sun/tools/javac/comp/DeferredAttr$DeferredChecker$1
instanceKlass com/sun/tools/javac/comp/DeferredAttr$FilterScanner$1
instanceKlass com/sun/tools/javac/comp/DeferredAttr$MethodAnalyzer
instanceKlass com/sun/tools/javac/code/Scope$4$1
instanceKlass com/sun/tools/javac/code/Scope$4
instanceKlass com/sun/tools/javac/code/Scope$CompoundScope$2
instanceKlass com/sun/tools/javac/code/Types$27
instanceKlass com/sun/tools/javac/code/Scope$3$1
instanceKlass com/sun/tools/javac/code/Scope$3
instanceKlass com/sun/tools/javac/code/Scope$CompoundScope$CompoundScopeIterator
instanceKlass com/sun/tools/javac/code/Scope$CompoundScope$1
instanceKlass com/sun/tools/javac/comp/Check$DefaultMethodClashFilter
instanceKlass com/sun/tools/javac/comp/Check$ClashFilter
instanceKlass com/sun/tools/javac/code/Types$ImplementationCache$Entry
instanceKlass com/sun/tools/javac/main/JavaCompiler$2
instanceKlass com/sun/tools/javac/code/SymbolMetadata
instanceKlass com/sun/tools/javac/code/TypeAnnotations$2
instanceKlass com/sun/tools/javac/code/TypeAnnotations$1
instanceKlass bluej/groupwork/ui/ResourceDescriptor
instanceKlass bluej/groupwork/TeamViewFilter
instanceKlass bluej/groupwork/UpdateFilter
instanceKlass bluej/utility/SwingWorker$1$$Lambda$686
instanceKlass com/sun/tools/javac/code/Scope$1
instanceKlass com/sun/tools/javac/jvm/ClassReader$AnnotationDeproxy
instanceKlass com/sun/tools/javac/jvm/ClassReader$ProxyVisitor
instanceKlass com/sun/tools/javac/util/Pair
instanceKlass org/eclipse/jgit/revwalk/RevWalk$3
instanceKlass org/eclipse/jgit/internal/storage/file/WindowCache$Entry
instanceKlass com/sun/tools/javac/comp/Attr$15
instanceKlass org/eclipse/jgit/revwalk/DepthWalk
instanceKlass org/eclipse/jgit/revwalk/RevWalkUtils
instanceKlass org/eclipse/jgit/revwalk/BlockRevQueue$Block
instanceKlass org/eclipse/jgit/lib/BranchConfig
instanceKlass org/eclipse/jgit/lib/BranchTrackingStatus
instanceKlass bluej/groupwork/git/GitStatusHandle
instanceKlass com/sun/tools/javac/comp/AttrContext
instanceKlass bluej/groupwork/git/GitUtillities$$Lambda$685
instanceKlass org/eclipse/jgit/lib/AbbreviatedObjectId
instanceKlass org/eclipse/jgit/diff/DiffEntry
instanceKlass org/eclipse/jgit/diff/MyersDiff
instanceKlass org/eclipse/jgit/diff/DiffAlgorithm$1
instanceKlass org/eclipse/jgit/diff/DiffAlgorithm
instanceKlass org/eclipse/jgit/diff/ContentSource$Pair
instanceKlass com/sun/tools/javac/jvm/ClassReader$25
instanceKlass org/eclipse/jgit/diff/ContentSource
instanceKlass org/eclipse/jgit/diff/DiffConfig$1
instanceKlass org/eclipse/jgit/diff/DiffConfig
instanceKlass org/eclipse/jgit/diff/SequenceComparator
instanceKlass org/eclipse/jgit/diff/Sequence
instanceKlass org/eclipse/jgit/diff/DiffFormatter
instanceKlass org/eclipse/jgit/revwalk/DateRevQueue$Entry
instanceKlass org/eclipse/jgit/revwalk/BlockRevQueue$BlockFreeList
instanceKlass org/eclipse/jgit/lib/PersonIdent
instanceKlass org/eclipse/jgit/lib/CheckoutEntry
instanceKlass org/eclipse/jgit/internal/storage/file/ReflogEntryImpl
instanceKlass com/sun/tools/javac/file/JavacFileManager$MissingArchive
instanceKlass org/eclipse/jgit/lib/ReflogEntry
instanceKlass org/eclipse/jgit/internal/storage/file/ReflogReaderImpl
instanceKlass org/eclipse/jgit/events/RefsChangedListener
instanceKlass bluej/groupwork/git/GitUtillities
instanceKlass com/sun/tools/javac/file/ZipFileIndex$Entry
instanceKlass com/sun/tools/javac/file/ZipFileIndex$DirectoryEntry
instanceKlass com/sun/tools/javac/file/ZipFileIndex$ZipDirectory
instanceKlass com/sun/tools/javac/file/ZipFileIndex
instanceKlass com/sun/tools/javac/file/ZipFileIndexArchive
instanceKlass com/sun/tools/javac/util/ListBuffer$1
instanceKlass com/sun/tools/javac/util/Position$LineMapImpl
instanceKlass com/sun/tools/javac/util/Position$LineMap
instanceKlass com/sun/tools/javac/util/Position
instanceKlass com/sun/tools/javac/tree/TreeInfo$2
instanceKlass org/eclipse/jgit/nls/GlobalBundleCache
instanceKlass com/sun/tools/javac/parser/JavacParser$2
instanceKlass org/eclipse/jgit/nls/NLS
instanceKlass com/sun/tools/javac/util/IntHashTable
instanceKlass com/sun/tools/javac/parser/JavaTokenizer$1
instanceKlass org/eclipse/jgit/nls/TranslationBundle
instanceKlass com/sun/tools/javac/parser/JavacParser$1
instanceKlass org/eclipse/jgit/lib/BatchingProgressMonitor
instanceKlass org/eclipse/jgit/lib/BatchRefUpdate
instanceKlass com/sun/tools/javac/parser/JavacParser$AbstractEndPosTable
instanceKlass com/sun/tools/javac/parser/JavacParser$ErrorRecoveryAction
instanceKlass org/eclipse/jgit/transport/ReceiveCommand
instanceKlass com/sun/tools/javac/tree/DocCommentTable
instanceKlass org/eclipse/jgit/transport/TrackingRefUpdate
instanceKlass com/sun/tools/javac/tree/EndPosTable
instanceKlass com/sun/tools/javac/parser/JavacParser
instanceKlass com/sun/tools/javac/parser/UnicodeReader
instanceKlass sun/misc/FloatingDecimal$HexFloatPattern
instanceKlass com/sun/tools/javac/parser/Tokens$Comment
instanceKlass com/sun/tools/javac/parser/Scanner
instanceKlass com/sun/source/tree/LineMap
instanceKlass com/sun/tools/javac/util/BaseFileManager$ContentCacheEntry
instanceKlass com/sun/tools/javac/util/DiagnosticSource
instanceKlass org/eclipse/jgit/internal/storage/file/LockFile$1
instanceKlass org/eclipse/jgit/internal/storage/file/LockFile
instanceKlass com/sun/tools/javac/processing/JavacProcessingEnvironment$DiscoveredProcessors$ProcessorStateIterator
instanceKlass com/sun/tools/javac/processing/JavacProcessingEnvironment$DiscoveredProcessors
instanceKlass com/sun/tools/javac/util/ServiceLoader$1
instanceKlass com/sun/tools/javac/util/ServiceLoader$LazyIterator
instanceKlass com/sun/tools/javac/util/ServiceLoader
instanceKlass javax/annotation/processing/Processor
instanceKlass com/sun/tools/javac/processing/JavacProcessingEnvironment$ServiceIterator
instanceKlass org/eclipse/jgit/util/RefList$Builder
instanceKlass org/eclipse/jgit/internal/storage/file/RefDirectory$LooseScanner
instanceKlass com/sun/tools/javac/model/JavacTypes
instanceKlass com/sun/tools/javac/model/JavacElements
instanceKlass org/eclipse/jgit/transport/PacketLineOut
instanceKlass com/sun/tools/javac/processing/JavacMessager
instanceKlass org/eclipse/jgit/revwalk/RevFlag
instanceKlass org/eclipse/jgit/revwalk/RevObjectList$Block
instanceKlass com/sun/tools/javac/processing/JavacFiler
instanceKlass javax/annotation/processing/RoundEnvironment
instanceKlass org/eclipse/jgit/transport/BasePackFetchConnection$FetchConfig$1
instanceKlass javax/annotation/processing/Messager
instanceKlass javax/annotation/processing/Filer
instanceKlass org/eclipse/jgit/transport/BasePackFetchConnection$FetchConfig
instanceKlass com/sun/tools/javac/processing/JavacProcessingEnvironment
instanceKlass com/sun/tools/javac/util/ForwardingDiagnosticFormatter$ForwardingConfiguration
instanceKlass com/sun/tools/javac/code/Types$DefaultSymbolVisitor
instanceKlass com/sun/tools/javac/util/ForwardingDiagnosticFormatter
instanceKlass com/sun/tools/javac/api/MultiTaskListener
instanceKlass com/sun/tools/javac/comp/TransTypes$1
instanceKlass org/eclipse/jgit/transport/PacketLineIn
instanceKlass com/sun/tools/javac/jvm/Pool
instanceKlass sun/security/ssl/SSLSocketImpl$NotifyHandshakeThread$1
instanceKlass com/sun/tools/javac/comp/Lower$TreeBuilder
instanceKlass com/sun/tools/javac/jvm/Items$Item
instanceKlass com/sun/tools/javac/jvm/Gen$GenFinalizer
instanceKlass com/sun/tools/javac/parser/JavaTokenizer
instanceKlass com/sun/tools/javac/parser/ScannerFactory
instanceKlass com/sun/tools/javac/parser/Tokens$Token
instanceKlass com/sun/tools/javac/parser/Tokens
instanceKlass com/sun/tools/javac/tree/DocTreeMaker
instanceKlass com/sun/tools/javac/parser/Lexer
instanceKlass com/sun/tools/javac/parser/ParserFactory
instanceKlass com/sun/tools/javac/jvm/JNIWriter
instanceKlass com/sun/tools/javac/code/Types$SignatureGenerator
instanceKlass com/sun/tools/javac/jvm/ClassWriter$AttributeWriter
instanceKlass com/sun/tools/javac/util/ByteBuffer
instanceKlass com/sun/tools/javac/jvm/ClassFile
instanceKlass com/sun/tools/javac/jvm/ClassReader$AttributeReader
instanceKlass com/sun/tools/javac/util/MandatoryWarningHandler
instanceKlass com/sun/tools/javac/tree/TreeInfo
instanceKlass com/sun/tools/javac/comp/DeferredAttr$4
instanceKlass com/sun/tools/javac/comp/DeferredAttr$3
instanceKlass com/sun/tools/javac/comp/DeferredAttr$2
instanceKlass com/sun/tools/javac/comp/DeferredAttr$DeferredAttrContext
instanceKlass com/sun/tools/javac/comp/DeferredAttr$DeferredStuckPolicy
instanceKlass com/sun/tools/javac/comp/DeferredAttr$DeferredTypeCompleter
instanceKlass com/sun/tools/javac/comp/Infer$GraphStrategy
instanceKlass com/sun/tools/javac/comp/Infer$InferenceContext
instanceKlass javax/lang/model/element/TypeParameterElement
instanceKlass com/sun/tools/javac/comp/Infer
instanceKlass com/sun/tools/javac/code/DeferredLintHandler$1
instanceKlass com/sun/tools/javac/code/DeferredLintHandler
instanceKlass com/sun/tools/javac/code/TypeAnnotations
instanceKlass com/sun/tools/javac/comp/TypeEnvs
instanceKlass com/sun/tools/javac/comp/ConstFold
instanceKlass javax/lang/model/element/AnnotationMirror
instanceKlass com/sun/tools/javac/comp/Annotate
instanceKlass com/sun/tools/javac/tree/TreeMaker$AnnotationBuilder
instanceKlass com/sun/tools/javac/tree/TreeMaker
instanceKlass com/sun/tools/javac/tree/JCTree$Factory
instanceKlass com/sun/tools/javac/comp/Env
instanceKlass com/sun/tools/javac/comp/Flow
instanceKlass com/sun/crypto/provider/GHASH
instanceKlass com/sun/source/util/SimpleTreeVisitor
instanceKlass com/sun/crypto/provider/GCTR
instanceKlass com/sun/tools/javac/comp/Attr$14
instanceKlass com/sun/crypto/provider/PKCS5Padding
instanceKlass javax/lang/model/type/UnionType
instanceKlass com/sun/tools/javac/comp/Check$NestedCheckContext
instanceKlass com/sun/source/tree/IntersectionTypeTree
instanceKlass com/sun/source/tree/VariableTree
instanceKlass com/sun/source/tree/UnionTypeTree
instanceKlass com/sun/source/tree/InstanceOfTree
instanceKlass com/sun/source/tree/PrimitiveTypeTree
instanceKlass com/sun/source/tree/ArrayTypeTree
instanceKlass com/sun/source/tree/ParameterizedTypeTree
instanceKlass com/sun/source/tree/EmptyStatementTree
instanceKlass com/sun/source/tree/MemberReferenceTree
instanceKlass com/sun/source/tree/ParenthesizedTree
instanceKlass com/sun/source/tree/LambdaExpressionTree
instanceKlass com/sun/source/tree/LabeledStatementTree
instanceKlass com/sun/source/tree/ArrayAccessTree
instanceKlass com/sun/source/tree/EnhancedForLoopTree
instanceKlass com/sun/source/tree/ExpressionStatementTree
instanceKlass com/sun/source/tree/DoWhileLoopTree
instanceKlass com/sun/source/tree/ConditionalExpressionTree
instanceKlass com/sun/source/tree/CompoundAssignmentTree
instanceKlass com/sun/source/tree/AssignmentTree
instanceKlass com/sun/source/tree/MethodInvocationTree
instanceKlass com/sun/source/tree/TypeParameterTree
instanceKlass com/sun/source/tree/SynchronizedTree
instanceKlass com/sun/source/tree/WhileLoopTree
instanceKlass com/sun/source/tree/UnaryTree
instanceKlass com/sun/source/tree/TypeCastTree
instanceKlass com/sun/source/tree/ThrowTree
instanceKlass com/sun/source/tree/SwitchTree
instanceKlass com/sun/source/tree/ReturnTree
instanceKlass com/sun/source/tree/NewArrayTree
instanceKlass com/sun/source/tree/ModifiersTree
instanceKlass com/sun/source/tree/LiteralTree
instanceKlass com/sun/source/tree/ImportTree
instanceKlass com/sun/source/tree/ForLoopTree
instanceKlass com/sun/source/tree/ErroneousTree
instanceKlass com/sun/source/tree/ContinueTree
instanceKlass com/sun/source/tree/CatchTree
instanceKlass com/sun/source/tree/CaseTree
instanceKlass com/sun/source/tree/BreakTree
instanceKlass com/sun/source/tree/BlockTree
instanceKlass com/sun/source/tree/BinaryTree
instanceKlass com/sun/source/tree/AssertTree
instanceKlass com/sun/source/tree/TryTree
instanceKlass com/sun/source/tree/IfTree
instanceKlass com/sun/source/tree/WildcardTree
instanceKlass com/sun/source/tree/AnnotatedTypeTree
instanceKlass com/sun/tools/javac/api/Formattable$LocalizedString
instanceKlass com/sun/tools/javac/api/Formattable
instanceKlass com/sun/tools/javac/comp/Resolve$7
instanceKlass com/sun/tools/javac/comp/Resolve$6
instanceKlass com/sun/tools/javac/comp/Attr$ResultInfo
instanceKlass com/sun/tools/javac/comp/Resolve$AbstractMethodCheck
instanceKlass com/sun/tools/javac/comp/Resolve$2
instanceKlass com/sun/crypto/provider/Padding
instanceKlass com/sun/crypto/provider/FeedbackCipher
instanceKlass com/sun/crypto/provider/CipherCore
instanceKlass com/sun/tools/javac/comp/Resolve$LookupHelper
instanceKlass com/sun/crypto/provider/AESConstants
instanceKlass com/sun/crypto/provider/SymmetricCipher
instanceKlass javax/crypto/CipherSpi
instanceKlass com/sun/tools/javac/comp/Resolve$LogResolveHelper
instanceKlass com/sun/tools/javac/comp/Resolve$MethodCheck
instanceKlass javax/crypto/spec/GCMParameterSpec
instanceKlass com/sun/tools/javac/comp/Resolve
instanceKlass sun/security/ssl/CipherBox$1
instanceKlass javax/crypto/Cipher$Transform
instanceKlass com/sun/tools/javac/comp/Check$6
instanceKlass com/sun/tools/javac/comp/Check$1
instanceKlass sun/security/internal/spec/TlsPrfParameterSpec
instanceKlass sun/security/internal/spec/TlsKeyMaterialSpec
instanceKlass javax/crypto/spec/IvParameterSpec
instanceKlass com/sun/source/tree/AnnotationTree
instanceKlass com/sun/tools/javac/tree/JCTree$Visitor
instanceKlass sun/security/internal/spec/TlsKeyMaterialParameterSpec
instanceKlass com/sun/crypto/provider/TlsMasterSecretGenerator$TlsMasterSecretKey
instanceKlass sun/security/internal/interfaces/TlsMasterSecret
instanceKlass javax/crypto/KeyGeneratorSpi
instanceKlass com/sun/source/tree/MethodTree
instanceKlass com/sun/source/tree/NewClassTree
instanceKlass com/sun/tools/javac/code/DeferredLintHandler$LintLogger
instanceKlass com/sun/tools/javac/util/Warner
instanceKlass com/sun/tools/javac/comp/Infer$FreeTypeListener
instanceKlass com/sun/tools/javac/comp/Check$CheckContext
instanceKlass com/sun/tools/javac/comp/Check
instanceKlass com/sun/tools/javac/code/Types$ImplementationCache
instanceKlass com/sun/tools/javac/code/Types$3
instanceKlass com/sun/tools/javac/util/JCDiagnostic
instanceKlass com/sun/tools/javac/code/Types$DescriptorCache$FunctionDescriptor
instanceKlass com/sun/tools/javac/code/Types$DescriptorCache
instanceKlass com/sun/tools/javac/code/Scope$ScopeListener
instanceKlass javax/lang/model/type/IntersectionType
instanceKlass com/sun/tools/javac/code/Type$Mapping
instanceKlass com/sun/tools/javac/code/Types$DefaultTypeVisitor
instanceKlass com/sun/tools/javac/code/Types
instanceKlass com/sun/tools/javac/code/Symtab$2
instanceKlass com/sun/tools/javac/code/Symtab$1
instanceKlass com/sun/tools/javac/code/Symbol$MethodSymbol$2
instanceKlass com/sun/tools/javac/code/Scope$2
instanceKlass com/sun/tools/javac/code/Scope$Entry
instanceKlass com/sun/tools/javac/util/Filter
instanceKlass com/sun/tools/javac/util/Assert
instanceKlass java/lang/annotation/Repeatable
instanceKlass javax/lang/model/type/NullType
instanceKlass com/sun/tools/javac/code/Symtab
instanceKlass javax/crypto/KeyGenerator
instanceKlass sun/security/internal/spec/TlsMasterSecretParameterSpec
instanceKlass com/sun/tools/javac/jvm/ClassReader$1
instanceKlass com/sun/tools/javac/code/Attribute
instanceKlass javax/lang/model/element/AnnotationValue
instanceKlass com/sun/tools/javac/comp/Annotate$Worker
instanceKlass javax/lang/model/type/NoType
instanceKlass javax/lang/model/type/ExecutableType
instanceKlass com/sun/tools/javac/code/Scope
instanceKlass com/sun/tools/javac/code/Symbol$Completer
instanceKlass com/sun/tools/javac/jvm/ClassReader
instanceKlass javax/crypto/spec/SecretKeySpec
instanceKlass javax/crypto/KeyAgreementSpi
instanceKlass com/sun/tools/javac/util/Convert
instanceKlass com/sun/tools/javac/util/ArrayUtils
instanceKlass java/security/KeyPair
instanceKlass com/sun/tools/javac/util/Name
instanceKlass javax/lang/model/element/Name
instanceKlass java/security/interfaces/ECPrivateKey
instanceKlass com/sun/tools/javac/util/Name$Table
instanceKlass com/sun/tools/javac/util/Names
instanceKlass com/sun/tools/javac/main/JavaCompiler$1
instanceKlass com/sun/source/tree/ClassTree
instanceKlass com/sun/source/tree/StatementTree
instanceKlass com/sun/source/tree/MemberSelectTree
instanceKlass com/sun/source/tree/IdentifierTree
instanceKlass sun/security/ssl/ECDHCrypt
instanceKlass javax/lang/model/element/PackageElement
instanceKlass javax/lang/model/element/TypeElement
instanceKlass javax/lang/model/element/QualifiedNameable
instanceKlass com/sun/source/tree/CompilationUnitTree
instanceKlass com/sun/tools/javac/jvm/ClassReader$SourceCompleter
instanceKlass java/security/spec/ECPublicKeySpec
instanceKlass com/sun/tools/javac/main/JavaCompiler
instanceKlass sun/security/ssl/ClientHandshaker$2
instanceKlass java/security/cert/PKIXCertPathValidatorResult
instanceKlass java/security/cert/CertPathValidatorResult
instanceKlass com/sun/tools/javac/file/CacheFSInfo$1
instanceKlass com/sun/tools/javac/main/CommandLine
instanceKlass com/sun/tools/javac/parser/Parser
instanceKlass com/sun/tools/javac/api/JavacTaskImpl$Filter
instanceKlass javax/lang/model/util/Types
instanceKlass javax/lang/model/util/Elements
instanceKlass sun/security/util/CertConstraintParameters
instanceKlass sun/security/provider/certpath/PKIXMasterCertPathValidator
instanceKlass sun/security/provider/certpath/PolicyNodeImpl
instanceKlass java/security/cert/PolicyNode
instanceKlass javax/annotation/processing/ProcessingEnvironment
instanceKlass sun/security/provider/certpath/CertPathHelper
instanceKlass java/security/cert/X509CertSelector
instanceKlass java/security/cert/CertSelector
instanceKlass sun/security/provider/certpath/PKIX$ValidatorParams
instanceKlass sun/security/provider/certpath/PKIX
instanceKlass com/sun/tools/javac/main/Main
instanceKlass java/security/cert/CertPathValidatorSpi
instanceKlass java/security/cert/CertPathValidator
instanceKlass sun/security/ssl/SSLAlgorithmConstraints$SupportedSignatureAlgorithmConstraints
instanceKlass sun/security/util/HostnameChecker
instanceKlass com/sun/source/util/TreeScanner
instanceKlass com/sun/source/tree/TreeVisitor
instanceKlass com/sun/tools/doclint/DocLint
instanceKlass com/sun/source/util/Plugin
instanceKlass com/sun/tools/javac/api/ClientCodeWrapper$WrappedDiagnosticListener
instanceKlass java/security/cert/PKIXParameters
instanceKlass java/security/cert/CertPathParameters
instanceKlass com/sun/tools/javac/api/ClientCodeWrapper$Trusted
instanceKlass com/sun/source/util/TaskListener
instanceKlass com/sun/tools/javac/api/ClientCodeWrapper
instanceKlass com/sun/tools/javac/file/BaseFileObject
instanceKlass com/sun/tools/javac/util/StringUtils
instanceKlass com/sun/tools/javac/file/ZipFileIndexCache
instanceKlass com/sun/tools/javac/file/FSInfo
instanceKlass com/sun/tools/javac/code/Lint$AugmentVisitor
instanceKlass com/sun/tools/javac/code/Attribute$Visitor
instanceKlass java/util/concurrent/ConcurrentHashMap$MapEntry
instanceKlass java/util/concurrent/ConcurrentHashMap$Traverser
instanceKlass com/sun/tools/javac/util/Log$1
instanceKlass com/sun/tools/javac/util/JCDiagnostic$Factory$1
instanceKlass com/sun/tools/javac/util/Options
instanceKlass javax/lang/model/element/VariableElement
instanceKlass javax/lang/model/type/ErrorType
instanceKlass javax/lang/model/element/ExecutableElement
instanceKlass javax/lang/model/element/Parameterizable
instanceKlass javax/lang/model/type/WildcardType
instanceKlass javax/lang/model/type/TypeVariable
instanceKlass javax/lang/model/type/PrimitiveType
instanceKlass javax/lang/model/type/DeclaredType
instanceKlass javax/lang/model/type/ArrayType
instanceKlass javax/lang/model/type/ReferenceType
instanceKlass javax/lang/model/type/TypeMirror
instanceKlass com/sun/tools/javac/code/AnnoConstruct
instanceKlass javax/lang/model/element/Element
instanceKlass javax/lang/model/AnnotatedConstruct
instanceKlass com/sun/tools/javac/util/AbstractDiagnosticFormatter$SimpleConfiguration
instanceKlass com/sun/source/tree/ExpressionTree
instanceKlass com/sun/tools/javac/tree/JCTree
instanceKlass com/sun/source/tree/Tree
instanceKlass com/sun/tools/javac/api/DiagnosticFormatter$Configuration
instanceKlass com/sun/tools/javac/code/Printer
instanceKlass com/sun/tools/javac/code/Symbol$Visitor
instanceKlass com/sun/tools/javac/code/Type$Visitor
instanceKlass com/sun/tools/javac/util/AbstractDiagnosticFormatter
instanceKlass com/sun/tools/javac/util/List$3
instanceKlass com/sun/tools/javac/util/List$2
instanceKlass com/sun/tools/javac/util/JavacMessages
instanceKlass com/sun/tools/javac/api/Messages
instanceKlass com/sun/tools/javac/util/JCDiagnostic$Factory
instanceKlass com/sun/tools/javac/file/Locations$LocationHandler
instanceKlass com/sun/tools/javac/file/Locations
instanceKlass com/sun/tools/javac/util/BaseFileManager$ByteBufferCache
instanceKlass com/sun/tools/javac/code/Lint
instanceKlass com/sun/tools/javac/file/RelativePath
instanceKlass javax/tools/JavaFileObject
instanceKlass javax/tools/FileObject
instanceKlass com/sun/tools/javac/file/JavacFileManager$Archive
instanceKlass com/sun/tools/javac/util/BaseFileManager
instanceKlass javax/tools/Diagnostic
instanceKlass com/sun/tools/javac/api/DiagnosticFormatter
instanceKlass com/sun/tools/javac/util/Log$DiagnosticHandler
instanceKlass com/sun/tools/javac/util/JCDiagnostic$DiagnosticPosition
instanceKlass com/sun/tools/javac/util/AbstractLog
instanceKlass com/sun/tools/javac/util/Context$Factory
instanceKlass com/sun/tools/javac/util/Context$Key
instanceKlass com/sun/tools/javac/util/Context
instanceKlass bluej/compiler/CompilerAPICompiler$1
instanceKlass javax/tools/StandardJavaFileManager
instanceKlass com/sun/tools/javac/main/OptionHelper
instanceKlass com/sun/source/util/JavacTask
instanceKlass javax/tools/JavaCompiler$CompilationTask
instanceKlass com/sun/tools/javac/api/JavacTool
instanceKlass java/net/URLClassLoader$6
instanceKlass javax/tools/JavaCompiler
instanceKlass javax/tools/Tool
instanceKlass javax/tools/ToolProvider
instanceKlass bluej/editor/moe/MoeEditor$$Lambda$684
instanceKlass bluej/extensions/event/CompileListener
instanceKlass bluej/pkgmgr/Package$QuietPackageCompileObserver$$Lambda$683
instanceKlass bluej/pkgmgr/MachineIcon$$Lambda$682
instanceKlass sun/security/ssl/ExtensionType
instanceKlass sun/security/ssl/RandomCookie
instanceKlass sun/security/ssl/HelloExtensions
instanceKlass sun/security/ssl/HandshakeMessage
instanceKlass sun/security/ssl/HandshakeHash
instanceKlass sun/security/ssl/HelloExtension
instanceKlass bluej/utility/Queue$Elem
instanceKlass bluej/compiler/Job
instanceKlass sun/text/normalizer/UnicodeSet
instanceKlass bluej/utility/Queue
instanceKlass sun/text/normalizer/UnicodeMatcher
instanceKlass javax/tools/JavaFileManager
instanceKlass javax/tools/OptionChecker
instanceKlass javax/tools/JavaFileManager$Location
instanceKlass javax/tools/DiagnosticListener
instanceKlass bluej/compiler/Compiler
instanceKlass bluej/compiler/JobQueue
instanceKlass bluej/pkgmgr/Package$$Lambda$681
instanceKlass bluej/collect/DataCollectionCompileObserverWrapper
instanceKlass sun/text/normalizer/NormalizerImpl$AuxTrieImpl
instanceKlass sun/text/normalizer/NormalizerImpl$NormTrieImpl
instanceKlass bluej/compiler/EventqueueCompileObserverAdapter
instanceKlass sun/text/normalizer/NormalizerImpl$FCDTrieImpl
instanceKlass sun/text/normalizer/NormalizerDataReader
instanceKlass bluej/pkgmgr/Package$MessageCalculator
instanceKlass sun/text/normalizer/NormalizerImpl
instanceKlass bluej/pkgmgr/Package$QuietPackageCompileObserver
instanceKlass sun/text/normalizer/VersionInfo
instanceKlass sun/net/idn/StringPrep$StringPrepTrieImpl
instanceKlass bluej/pkgmgr/Project$$Lambda$680
instanceKlass sun/net/idn/StringPrepDataReader
instanceKlass sun/net/idn/StringPrep
instanceKlass java/net/IDN
instanceKlass javax/net/ssl/SNIServerName
instanceKlass sun/net/util/IPAddressUtil
instanceKlass sun/security/ssl/Utilities
instanceKlass javax/net/ssl/SSLParameters
instanceKlass sun/security/ssl/Handshaker
instanceKlass bluej/views/View
instanceKlass bluej/debugmgr/objectbench/ObjectBench$$Lambda$679
instanceKlass bluej/debugmgr/objectbench/ObjectBench$$Lambda$678
instanceKlass bluej/pkgmgr/Project$$Lambda$677
instanceKlass bluej/pkgmgr/Project$$Lambda$676
instanceKlass sun/security/ssl/Record
instanceKlass sun/security/ssl/Authenticator
instanceKlass sun/security/ssl/CipherBox
instanceKlass sun/security/mscapi/SunMSCAPI$1
instanceKlass sun/security/smartcardio/SunPCSC$1
instanceKlass org/jcp/xml/dsig/internal/dom/XMLDSigRI$1
instanceKlass com/sun/security/sasl/Provider$1
instanceKlass sun/security/jgss/SunProvider$1
instanceKlass com/sun/crypto/provider/SunJCE$1
instanceKlass sun/security/ssl/SignatureAndHashAlgorithm
instanceKlass sun/security/ssl/SessionId
instanceKlass javax/net/ssl/ExtendedSSLSession
instanceKlass javax/net/ssl/SSLSession
instanceKlass javax/net/ssl/HandshakeCompletedListener
instanceKlass org/eclipse/jgit/transport/UserAgent
instanceKlass javax/net/ssl/X509ExtendedKeyManager
instanceKlass javax/net/ssl/X509KeyManager
instanceKlass javax/net/ssl/KeyManager
instanceKlass javax/net/ssl/KeyManagerFactorySpi
instanceKlass javax/net/ssl/KeyManagerFactory$1
instanceKlass javax/net/ssl/KeyManagerFactory
instanceKlass sun/security/ssl/SSLContextImpl$DefaultManagersHolder$1
instanceKlass sun/security/validator/KeyStores
instanceKlass javax/net/ssl/X509ExtendedTrustManager
instanceKlass javax/net/ssl/X509TrustManager
instanceKlass javax/net/ssl/TrustManager
instanceKlass javax/net/ssl/TrustManagerFactory$1
instanceKlass javax/net/ssl/TrustManagerFactory
instanceKlass sun/security/x509/CertificatePolicyMap
instanceKlass java/security/interfaces/ECPublicKey
instanceKlass java/security/interfaces/ECKey
instanceKlass sun/security/provider/JavaKeyStore$TrustedCertEntry
instanceKlass sun/security/provider/KeyStoreDelegator$1
instanceKlass java/security/KeyStoreSpi
instanceKlass sun/security/ssl/TrustManagerFactoryImpl$1
instanceKlass java/security/KeyStore$1
instanceKlass java/security/KeyStore
instanceKlass sun/security/ssl/TrustManagerFactoryImpl$2
instanceKlass javax/net/ssl/TrustManagerFactorySpi
instanceKlass sun/security/ssl/SSLContextImpl$DefaultManagersHolder
instanceKlass sun/security/ssl/SSLSessionContextImpl$1
instanceKlass sun/security/ssl/SSLSessionContextImpl
instanceKlass javax/net/ssl/SSLSessionContext
instanceKlass sun/security/ssl/EphemeralKeyManager$EphemeralKeyPair
instanceKlass sun/security/ssl/EphemeralKeyManager
instanceKlass sun/security/ssl/SSLContextImpl$CustomizedSSLProtocols
instanceKlass sun/security/ssl/CipherSuiteList
instanceKlass sun/security/ssl/SSLAlgorithmDecomposer$1
instanceKlass java/security/spec/ECGenParameterSpec
instanceKlass sun/security/util/ECKeySizeParameterSpec
instanceKlass sun/security/util/ECUtil
instanceKlass java/security/KeyPairGeneratorSpi
instanceKlass java/security/cert/TrustAnchor
instanceKlass sun/security/x509/X509CertImpl$$Lambda$675
instanceKlass sun/security/util/UntrustedCertificates$1
instanceKlass sun/security/util/UntrustedCertificates
instanceKlass java/security/cert/PKIXCertPathChecker
instanceKlass java/security/cert/CertPathChecker
instanceKlass javax/crypto/JarVerifier$JarHolder
instanceKlass javax/crypto/JarVerifier$2
instanceKlass javax/crypto/KeyAgreement
instanceKlass sun/security/ssl/JsseJce$EcAvailability
instanceKlass sun/security/ssl/CipherSuite$MacAlg
instanceKlass javax/crypto/JceSecurity$2
instanceKlass javax/crypto/JceSecurityManager$1
instanceKlass javax/crypto/spec/RC5ParameterSpec
instanceKlass javax/crypto/spec/RC2ParameterSpec
instanceKlass java/security/spec/DSAParameterSpec
instanceKlass java/security/interfaces/DSAParams
instanceKlass java/security/interfaces/DSAPrivateKey
instanceKlass sun/security/validator/EndEntityChecker
instanceKlass sun/security/validator/Validator
instanceKlass sun/security/util/Pem
instanceKlass javax/crypto/JarVerifier$1
instanceKlass javax/crypto/JarVerifier
instanceKlass javax/crypto/CryptoPolicyParser$CryptoPermissionEntry
instanceKlass javax/crypto/CryptoPolicyParser$GrantEntry
instanceKlass java/io/StreamTokenizer
instanceKlass javax/crypto/CryptoPolicyParser
instanceKlass javax/crypto/JceSecurity$1
instanceKlass javax/crypto/JceSecurity
instanceKlass javax/crypto/Cipher
instanceKlass sun/security/krb5/Realm
instanceKlass sun/security/krb5/PrincipalName
instanceKlass sun/security/ssl/JsseJce$1
instanceKlass sun/security/ssl/JsseJce
instanceKlass sun/security/ssl/CipherSuite$BulkCipher
instanceKlass sun/security/ssl/CipherSuite
instanceKlass sun/security/ssl/SSLAlgorithmConstraints
instanceKlass sun/security/ssl/ProtocolVersion
instanceKlass sun/security/ssl/ProtocolList
instanceKlass sun/security/ssl/Debug
instanceKlass sun/security/ssl/SunJSSE$1
instanceKlass java/security/spec/ECFieldF2m
instanceKlass java/security/spec/ECParameterSpec
instanceKlass java/security/spec/AlgorithmParameterSpec
instanceKlass java/security/spec/ECPoint
instanceKlass java/security/spec/EllipticCurve
instanceKlass java/security/spec/ECFieldFp
instanceKlass java/security/spec/ECField
instanceKlass sun/security/ec/CurveDB
instanceKlass sun/security/ec/SunECEntries
instanceKlass sun/security/ec/SunEC$1
instanceKlass javax/net/ssl/SSLContextSpi
instanceKlass javax/net/ssl/SSLContext
instanceKlass javax/net/ssl/SSLSocketFactory$1
instanceKlass javax/net/SocketFactory
instanceKlass javax/net/ssl/HttpsURLConnection$DefaultHostnameVerifier
instanceKlass org/eclipse/jgit/transport/http/JDKHttpConnection
instanceKlass org/eclipse/jgit/util/HttpSupport
instanceKlass org/eclipse/jgit/transport/FetchProcess
instanceKlass org/eclipse/jgit/transport/OperationResult
instanceKlass org/eclipse/jgit/transport/TransportHttp$HttpConfig
instanceKlass org/eclipse/jgit/transport/HttpAuthMethod
instanceKlass org/eclipse/jgit/transport/TransferConfig$1
instanceKlass org/eclipse/jgit/transport/RefFilter
instanceKlass org/eclipse/jgit/transport/TransferConfig
instanceKlass org/eclipse/jgit/transport/TransportProtocol$1
instanceKlass org/eclipse/jgit/transport/Transport$1
instanceKlass org/eclipse/jgit/transport/URIish
instanceKlass org/eclipse/jgit/lib/ConfigSnapshot$SectionNames
instanceKlass org/eclipse/jgit/transport/RemoteConfig
instanceKlass org/eclipse/jgit/transport/RefSpec
instanceKlass org/eclipse/jgit/transport/TransportHttp$3
instanceKlass javax/net/ssl/HostnameVerifier
instanceKlass org/eclipse/jgit/transport/BaseConnection
instanceKlass org/eclipse/jgit/transport/http/HttpConnection
instanceKlass org/eclipse/jgit/transport/http/JDKHttpConnectionFactory
instanceKlass org/eclipse/jgit/transport/WalkRemoteObjectDatabase
instanceKlass org/eclipse/jgit/transport/http/HttpConnectionFactory
instanceKlass org/eclipse/jgit/transport/WalkTransport
instanceKlass org/eclipse/jgit/transport/TransportBundle
instanceKlass org/eclipse/jgit/transport/resolver/UploadPackFactory
instanceKlass org/eclipse/jgit/transport/FetchConnection
instanceKlass org/eclipse/jgit/transport/resolver/ReceivePackFactory
instanceKlass org/eclipse/jgit/transport/PushConnection
instanceKlass org/eclipse/jgit/transport/Connection
instanceKlass org/eclipse/jgit/transport/TransportProtocol
instanceKlass org/eclipse/jgit/transport/PackTransport
instanceKlass bluej/groupwork/git/GitCommand$$Lambda$674
instanceKlass org/eclipse/jgit/api/TransportConfigCallback
instanceKlass org/eclipse/jgit/transport/Transport
instanceKlass com/jcraft/jsch/UserInfo
instanceKlass org/eclipse/jgit/transport/RemoteSession
instanceKlass org/eclipse/jgit/lib/NullProgressMonitor
instanceKlass org/eclipse/jgit/lib/ProgressMonitor
instanceKlass bluej/groupwork/git/GitStatusCommand$$Lambda$673
instanceKlass bluej/groupwork/git/GitStatusCommand$$Lambda$672
instanceKlass bluej/groupwork/git/GitStatusCommand$$Lambda$671
instanceKlass bluej/groupwork/git/GitStatusCommand$$Lambda$670
instanceKlass bluej/groupwork/git/GitStatusCommand$$Lambda$669
instanceKlass bluej/groupwork/git/GitStatusCommand$$Lambda$668
instanceKlass bluej/groupwork/git/GitStatusCommand$$Lambda$667
instanceKlass bluej/groupwork/git/GitStatusCommand$$Lambda$666
instanceKlass bluej/groupwork/git/GitStatusCommand$$Lambda$665
instanceKlass bluej/groupwork/git/GitStatusCommand$$Lambda$664
instanceKlass bluej/groupwork/git/GitStatusCommand$$Lambda$663
instanceKlass bluej/groupwork/git/GitStatusCommand$$Lambda$662
instanceKlass bluej/groupwork/git/GitStatusCommand$$Lambda$661
instanceKlass bluej/groupwork/git/GitStatusCommand$$Lambda$660
instanceKlass java/util/LinkedList$LLSpliterator
instanceKlass bluej/groupwork/git/GitStatusCommand$$Lambda$659
instanceKlass bluej/groupwork/git/GitStatusCommand$$Lambda$658
instanceKlass bluej/groupwork/git/GitStatusCommand$$Lambda$657
instanceKlass java/util/stream/ForEachOps$ForEachOp
instanceKlass java/util/stream/ForEachOps
instanceKlass bluej/groupwork/git/GitStatusCommand$$Lambda$656
instanceKlass bluej/groupwork/git/GitStatusCommand$$Lambda$655
instanceKlass bluej/groupwork/TeamStatusInfo
instanceKlass bluej/groupwork/git/GitStatusCommand$$Lambda$654
instanceKlass java/lang/invoke/LambdaForm$DMH
instanceKlass java/util/HashMap$HashMapSpliterator
instanceKlass org/eclipse/jgit/api/Status
instanceKlass org/eclipse/jgit/submodule/SubmoduleWalk
instanceKlass org/eclipse/jgit/lib/CoreConfig$1
instanceKlass org/eclipse/jgit/lib/CoreConfig
instanceKlass org/eclipse/jgit/treewalk/WorkingTreeIterator$2
instanceKlass org/eclipse/jgit/dircache/DirCacheTree$1
instanceKlass org/eclipse/jgit/dircache/DirCacheTree
instanceKlass org/eclipse/jgit/treewalk/TreeWalk
instanceKlass org/eclipse/jgit/dircache/DirCacheCheckout
instanceKlass org/eclipse/jgit/dircache/DirCache$1
instanceKlass org/eclipse/jgit/dircache/DirCacheEntry
instanceKlass org/eclipse/jgit/dircache/DirCache
instanceKlass org/eclipse/jgit/internal/storage/file/DeltaBaseCache
instanceKlass org/eclipse/jgit/internal/storage/file/WindowCache$Lock
instanceKlass org/eclipse/jgit/storage/file/WindowCacheConfig
instanceKlass org/eclipse/jgit/internal/storage/file/WindowCache
instanceKlass org/eclipse/jgit/internal/storage/file/UnpackedObject
instanceKlass org/eclipse/jgit/internal/storage/file/PackIndexWriter
instanceKlass org/eclipse/jgit/internal/storage/file/PackIndex
instanceKlass org/eclipse/jgit/internal/storage/file/PackFile$1
instanceKlass org/eclipse/jgit/internal/storage/file/ByteWindow
instanceKlass org/eclipse/jgit/lib/ObjectLoader
instanceKlass org/eclipse/jgit/internal/storage/pack/PackExt
instanceKlass org/eclipse/jgit/lib/IndexDiff$1
instanceKlass org/eclipse/jgit/lib/InflaterCache
instanceKlass org/eclipse/jgit/lib/RefComparator
instanceKlass org/eclipse/jgit/lib/SymbolicRef
instanceKlass org/eclipse/jgit/treewalk/filter/TreeFilter
instanceKlass org/eclipse/jgit/revwalk/filter/RevFilter
instanceKlass org/eclipse/jgit/lib/ObjectIdOwnerMap
instanceKlass org/eclipse/jgit/lib/BitmapIndex
instanceKlass org/eclipse/jgit/lib/AsyncObjectSizeQueue
instanceKlass org/eclipse/jgit/lib/AsyncObjectLoaderQueue
instanceKlass org/eclipse/jgit/revwalk/AsyncRevObjectQueue
instanceKlass org/eclipse/jgit/lib/AsyncOperation
instanceKlass org/eclipse/jgit/revwalk/Generator
instanceKlass org/eclipse/jgit/revwalk/RevWalk
instanceKlass org/eclipse/jgit/lib/IndexDiff$WorkingTreeIteratorFactory
instanceKlass org/eclipse/jgit/lib/IndexDiff
instanceKlass bluej/debugger/gentype/GenTypeParameter$2
instanceKlass bluej/debugger/gentype/GenTypeParameter$1
instanceKlass bluej/debugger/gentype/NameTransform
instanceKlass org/eclipse/jgit/lib/FileMode
instanceKlass bluej/parser/entity/PositionedResolver
instanceKlass org/eclipse/jgit/util/FS$Attributes
instanceKlass bluej/parser/ParseUtils$DepthRef
instanceKlass org/eclipse/jgit/treewalk/WorkingTreeIterator$IteratorState
instanceKlass org/eclipse/jgit/lib/Config$ConfigEnum
instanceKlass bluej/parser/SourceSpan
instanceKlass org/eclipse/jgit/treewalk/WorkingTreeOptions$1
instanceKlass bluej/parser/symtab/Selection
instanceKlass org/eclipse/jgit/lib/Config$SectionParser
instanceKlass org/eclipse/jgit/treewalk/WorkingTreeOptions
instanceKlass org/eclipse/jgit/treewalk/WorkingTreeIterator$1
instanceKlass bluej/parser/ParseUtils
instanceKlass org/eclipse/jgit/treewalk/WorkingTreeIterator$Entry
instanceKlass java/util/Vector$Itr
instanceKlass bluej/parser/nodes/ParseParams
instanceKlass bluej/parser/lexer/LocatableToken
instanceKlass bluej/parser/lexer/JavaTokenFilter
instanceKlass bluej/parser/lexer/JavaLexer
instanceKlass org/eclipse/jgit/attributes/AttributesNode
instanceKlass org/eclipse/jgit/ignore/IgnoreNode
instanceKlass org/eclipse/jgit/treewalk/AbstractTreeIterator
instanceKlass org/eclipse/jgit/api/GitCommand
instanceKlass bluej/parser/JavaParser
instanceKlass nu/xom/TextWriter
instanceKlass nu/xom/TextWriterFactory
instanceKlass bluej/groupwork/StatusHandle
instanceKlass org/xml/sax/helpers/NamespaceSupport$Context
instanceKlass org/xml/sax/helpers/NamespaceSupport
instanceKlass bluej/groupwork/git/GitCommand
instanceKlass nu/xom/Serializer
instanceKlass bluej/groupwork/CodeFileFilter
instanceKlass bluej/groupwork/git/GitRepository$1
instanceKlass bluej/utility/SwingWorker$ThreadVar
instanceKlass bluej/utility/SwingWorker$1
instanceKlass bluej/utility/ImportScanner$$Lambda$653
instanceKlass bluej/utility/ImportScanner$$Lambda$652
instanceKlass bluej/utility/SwingWorker
instanceKlass bluej/stride/generic/AssistContentThreadSafe
instanceKlass bluej/groupwork/StatusListener
instanceKlass bluej/pkgmgr/Project$$Lambda$651
instanceKlass bluej/editor/moe/ReparseRunner
instanceKlass bluej/editor/moe/MoeSyntaxDocument$1
instanceKlass bluej/parser/ImportsCollection
instanceKlass bluej/parser/TokenStream
instanceKlass java/util/stream/FindOps$$Lambda$650
instanceKlass java/util/stream/FindOps$FindSink
instanceKlass java/util/stream/FindOps$$Lambda$649
instanceKlass java/lang/invoke/LambdaForm$DMH
instanceKlass java/util/stream/FindOps$FindOp
instanceKlass java/util/stream/FindOps
instanceKlass java/lang/invoke/LambdaForm$MH
instanceKlass java/lang/invoke/LambdaForm$DMH
instanceKlass java/lang/invoke/LambdaForm$DMH
instanceKlass bluej/editor/moe/MoeErrorManager$$Lambda$648
instanceKlass java/lang/invoke/LambdaForm$DMH
instanceKlass bluej/editor/moe/MoeSyntaxDocument$EditEvent
instanceKlass bluej/editor/moe/MoeSyntaxEvent
instanceKlass bluej/pkgmgr/Project$$Lambda$647
instanceKlass bluej/editor/moe/MoeEditor$$Lambda$646
instanceKlass bluej/editor/moe/MoeEditor$$Lambda$645
instanceKlass java/io/ObjectStreamClass$ClassDataSlot
instanceKlass java/io/ObjectStreamClass$FieldReflector
instanceKlass java/io/ObjectOutput
instanceKlass java/io/ObjectStreamClass$2
instanceKlass java/io/Externalizable
instanceKlass java/lang/reflect/Proxy$ProxyClassFactory
instanceKlass java/lang/reflect/Proxy$KeyFactory
instanceKlass java/lang/reflect/WeakCache
instanceKlass java/lang/reflect/InvocationHandler
instanceKlass java/lang/reflect/Proxy
instanceKlass java/io/ObjectStreamClass$EntryFuture
